2015-12-29 2:50:21 - PHP Notice:  Undefined variable: content_block4 in D:\xampp\htdocs\ytc_templates\opencart\placehoder\so_shoppystore\catalog\view\theme\so-shoppystore\template\common\footer.tpl on line 48
2015-12-29 2:50:21 - PHP Notice:  Undefined variable: content_block5 in D:\xampp\htdocs\ytc_templates\opencart\placehoder\so_shoppystore\catalog\view\theme\so-shoppystore\template\common\footer.tpl on line 151
2015-12-29 2:50:21 - PHP Notice:  Undefined variable: content_block6 in D:\xampp\htdocs\ytc_templates\opencart\placehoder\so_shoppystore\catalog\view\theme\so-shoppystore\template\common\footer.tpl on line 162
2015-12-29 2:50:21 - PHP Notice:  Undefined variable: text_more in D:\xampp\htdocs\ytc_templates\opencart\placehoder\so_shoppystore\catalog\view\theme\so-shoppystore\template\common\header.tpl on line 316
2015-12-29 2:50:21 - PHP Notice:  Undefined variable: content_menu in D:\xampp\htdocs\ytc_templates\opencart\placehoder\so_shoppystore\catalog\view\theme\so-shoppystore\template\common\header.tpl on line 387
2015-12-29 2:50:21 - PHP Notice:  Undefined variable: content_block1 in D:\xampp\htdocs\ytc_templates\opencart\placehoder\so_shoppystore\catalog\view\theme\so-shoppystore\template\common\header.tpl on line 417
2015-12-29 2:50:21 - PHP Notice:  Undefined variable: content_search in D:\xampp\htdocs\ytc_templates\opencart\placehoder\so_shoppystore\catalog\view\theme\so-shoppystore\template\common\header.tpl on line 431
2015-12-29 2:50:21 - PHP Notice:  Undefined variable: content_block1 in D:\xampp\htdocs\ytc_templates\opencart\placehoder\so_shoppystore\catalog\view\theme\so-shoppystore\template\common\home.tpl on line 6
2015-12-29 2:50:21 - PHP Notice:  Undefined variable: content_block2 in D:\xampp\htdocs\ytc_templates\opencart\placehoder\so_shoppystore\catalog\view\theme\so-shoppystore\template\common\home.tpl on line 42
2015-12-29 2:50:21 - PHP Notice:  Undefined variable: content_block3 in D:\xampp\htdocs\ytc_templates\opencart\placehoder\so_shoppystore\catalog\view\theme\so-shoppystore\template\common\home.tpl on line 50
2015-12-29 4:27:06 - PHP Notice:  Undefined variable: product_id in D:\xampp\htdocs\ytc_templates\opencart\so_shoppystore\catalog\controller\account\wishlist.php on line 115
2015-12-29 4:27:06 - PHP Notice:  Undefined variable: product_id in D:\xampp\htdocs\ytc_templates\opencart\so_shoppystore\catalog\controller\account\wishlist.php on line 115
2015-12-29 4:29:44 - PHP Notice:  Undefined variable: product_id in D:\xampp\htdocs\ytc_templates\opencart\so_shoppystore\catalog\controller\account\wishlist.php on line 115
2015-12-29 4:29:44 - PHP Notice:  Undefined variable: product_id in D:\xampp\htdocs\ytc_templates\opencart\so_shoppystore\catalog\controller\account\wishlist.php on line 115
2015-12-29 4:33:25 - PHP Notice:  Undefined variable: product_id in D:\xampp\htdocs\ytc_templates\opencart\so_shoppystore\catalog\controller\account\wishlist.php on line 115
2015-12-29 4:33:25 - PHP Notice:  Undefined variable: product_id in D:\xampp\htdocs\ytc_templates\opencart\so_shoppystore\catalog\controller\account\wishlist.php on line 115
2015-12-29 5:35:15 - PHP Notice:  Undefined variable: sale_text in D:\xampp\htdocs\ytc_templates\opencart\so_shoppystore\catalog\view\theme\so-shoppystore\template\module\so_listing_tabs\default_items.tpl on line 24
2015-12-29 5:35:20 - PHP Notice:  Undefined variable: sale_text in D:\xampp\htdocs\ytc_templates\opencart\so_shoppystore\catalog\view\theme\so-shoppystore\template\module\so_listing_tabs\default_items.tpl on line 24
2015-12-29 5:35:20 - PHP Notice:  Undefined variable: sale_text in D:\xampp\htdocs\ytc_templates\opencart\so_shoppystore\catalog\view\theme\so-shoppystore\template\module\so_listing_tabs\default_items.tpl on line 24
2015-12-29 5:35:20 - PHP Notice:  Undefined variable: sale_text in D:\xampp\htdocs\ytc_templates\opencart\so_shoppystore\catalog\view\theme\so-shoppystore\template\module\so_listing_tabs\default_items.tpl on line 24
2015-12-29 5:35:20 - PHP Notice:  Undefined variable: sale_text in D:\xampp\htdocs\ytc_templates\opencart\so_shoppystore\catalog\view\theme\so-shoppystore\template\module\so_listing_tabs\default_items.tpl on line 24
2015-12-29 5:54:38 - PHP Notice:  Undefined variable: product_id in D:\xampp\htdocs\ytc_templates\opencart\so_shoppystore\catalog\controller\account\wishlist.php on line 115
2015-12-29 5:54:38 - PHP Notice:  Undefined variable: product_id in D:\xampp\htdocs\ytc_templates\opencart\so_shoppystore\catalog\controller\account\wishlist.php on line 115
2015-12-29 5:54:38 - PHP Notice:  Undefined variable: product_id in D:\xampp\htdocs\ytc_templates\opencart\so_shoppystore\catalog\controller\account\wishlist.php on line 115
2015-12-29 5:54:38 - PHP Notice:  Undefined variable: product_id in D:\xampp\htdocs\ytc_templates\opencart\so_shoppystore\catalog\controller\account\wishlist.php on line 115
2015-12-29 5:54:38 - PHP Notice:  Undefined variable: product_id in D:\xampp\htdocs\ytc_templates\opencart\so_shoppystore\catalog\controller\account\wishlist.php on line 115
2015-12-29 5:54:38 - PHP Notice:  Undefined variable: product_id in D:\xampp\htdocs\ytc_templates\opencart\so_shoppystore\catalog\controller\account\wishlist.php on line 115
2015-12-29 5:54:38 - PHP Notice:  Undefined variable: product_id in D:\xampp\htdocs\ytc_templates\opencart\so_shoppystore\catalog\controller\account\wishlist.php on line 115
2015-12-29 5:54:38 - PHP Notice:  Undefined variable: product_id in D:\xampp\htdocs\ytc_templates\opencart\so_shoppystore\catalog\controller\account\wishlist.php on line 115
2015-12-29 5:54:41 - PHP Notice:  Undefined variable: product_id in D:\xampp\htdocs\ytc_templates\opencart\so_shoppystore\catalog\controller\account\wishlist.php on line 115
2015-12-29 5:54:41 - PHP Notice:  Undefined variable: product_id in D:\xampp\htdocs\ytc_templates\opencart\so_shoppystore\catalog\controller\account\wishlist.php on line 115
2015-12-29 5:54:41 - PHP Notice:  Undefined variable: product_id in D:\xampp\htdocs\ytc_templates\opencart\so_shoppystore\catalog\controller\account\wishlist.php on line 115
2015-12-29 5:54:41 - PHP Notice:  Undefined variable: product_id in D:\xampp\htdocs\ytc_templates\opencart\so_shoppystore\catalog\controller\account\wishlist.php on line 115
2015-12-29 5:54:41 - PHP Notice:  Undefined variable: product_id in D:\xampp\htdocs\ytc_templates\opencart\so_shoppystore\catalog\controller\account\wishlist.php on line 115
2015-12-29 5:54:41 - PHP Notice:  Undefined variable: product_id in D:\xampp\htdocs\ytc_templates\opencart\so_shoppystore\catalog\controller\account\wishlist.php on line 115
2015-12-29 5:54:41 - PHP Notice:  Undefined variable: product_id in D:\xampp\htdocs\ytc_templates\opencart\so_shoppystore\catalog\controller\account\wishlist.php on line 115
2015-12-29 5:54:41 - PHP Notice:  Undefined variable: product_id in D:\xampp\htdocs\ytc_templates\opencart\so_shoppystore\catalog\controller\account\wishlist.php on line 115
2015-12-29 5:54:47 - PHP Notice:  Undefined variable: product_id in D:\xampp\htdocs\ytc_templates\opencart\so_shoppystore\catalog\controller\account\wishlist.php on line 115
2015-12-29 5:54:47 - PHP Notice:  Undefined variable: product_id in D:\xampp\htdocs\ytc_templates\opencart\so_shoppystore\catalog\controller\account\wishlist.php on line 115
2015-12-29 5:54:47 - PHP Notice:  Undefined variable: product_id in D:\xampp\htdocs\ytc_templates\opencart\so_shoppystore\catalog\controller\account\wishlist.php on line 115
2015-12-29 5:54:47 - PHP Notice:  Undefined variable: product_id in D:\xampp\htdocs\ytc_templates\opencart\so_shoppystore\catalog\controller\account\wishlist.php on line 115
2015-12-29 5:54:47 - PHP Notice:  Undefined variable: product_id in D:\xampp\htdocs\ytc_templates\opencart\so_shoppystore\catalog\controller\account\wishlist.php on line 115
2015-12-29 5:54:47 - PHP Notice:  Undefined variable: product_id in D:\xampp\htdocs\ytc_templates\opencart\so_shoppystore\catalog\controller\account\wishlist.php on line 115
2015-12-29 5:54:47 - PHP Notice:  Undefined variable: product_id in D:\xampp\htdocs\ytc_templates\opencart\so_shoppystore\catalog\controller\account\wishlist.php on line 115
2015-12-29 5:54:47 - PHP Notice:  Undefined variable: product_id in D:\xampp\htdocs\ytc_templates\opencart\so_shoppystore\catalog\controller\account\wishlist.php on line 115
2015-12-29 5:55:02 - PHP Notice:  Undefined variable: product_id in D:\xampp\htdocs\ytc_templates\opencart\so_shoppystore\catalog\controller\account\wishlist.php on line 115
2015-12-29 5:55:02 - PHP Notice:  Undefined variable: product_id in D:\xampp\htdocs\ytc_templates\opencart\so_shoppystore\catalog\controller\account\wishlist.php on line 115
2015-12-29 5:55:02 - PHP Notice:  Undefined variable: product_id in D:\xampp\htdocs\ytc_templates\opencart\so_shoppystore\catalog\controller\account\wishlist.php on line 115
2015-12-29 5:55:02 - PHP Notice:  Undefined variable: product_id in D:\xampp\htdocs\ytc_templates\opencart\so_shoppystore\catalog\controller\account\wishlist.php on line 115
2015-12-29 5:55:02 - PHP Notice:  Undefined variable: product_id in D:\xampp\htdocs\ytc_templates\opencart\so_shoppystore\catalog\controller\account\wishlist.php on line 115
2015-12-29 5:55:02 - PHP Notice:  Undefined variable: product_id in D:\xampp\htdocs\ytc_templates\opencart\so_shoppystore\catalog\controller\account\wishlist.php on line 115
2015-12-29 5:55:02 - PHP Notice:  Undefined variable: product_id in D:\xampp\htdocs\ytc_templates\opencart\so_shoppystore\catalog\controller\account\wishlist.php on line 115
2015-12-29 5:55:02 - PHP Notice:  Undefined variable: product_id in D:\xampp\htdocs\ytc_templates\opencart\so_shoppystore\catalog\controller\account\wishlist.php on line 115
2015-12-29 5:55:12 - PHP Notice:  Undefined variable: product_id in D:\xampp\htdocs\ytc_templates\opencart\so_shoppystore\catalog\controller\account\wishlist.php on line 115
2015-12-29 5:55:12 - PHP Notice:  Undefined variable: product_id in D:\xampp\htdocs\ytc_templates\opencart\so_shoppystore\catalog\controller\account\wishlist.php on line 115
2015-12-29 5:55:12 - PHP Notice:  Undefined variable: product_id in D:\xampp\htdocs\ytc_templates\opencart\so_shoppystore\catalog\controller\account\wishlist.php on line 115
2015-12-29 5:55:12 - PHP Notice:  Undefined variable: product_id in D:\xampp\htdocs\ytc_templates\opencart\so_shoppystore\catalog\controller\account\wishlist.php on line 115
2015-12-29 5:55:12 - PHP Notice:  Undefined variable: product_id in D:\xampp\htdocs\ytc_templates\opencart\so_shoppystore\catalog\controller\account\wishlist.php on line 115
2015-12-29 5:55:12 - PHP Notice:  Undefined variable: product_id in D:\xampp\htdocs\ytc_templates\opencart\so_shoppystore\catalog\controller\account\wishlist.php on line 115
2015-12-29 5:55:12 - PHP Notice:  Undefined variable: product_id in D:\xampp\htdocs\ytc_templates\opencart\so_shoppystore\catalog\controller\account\wishlist.php on line 115
2015-12-29 5:55:12 - PHP Notice:  Undefined variable: product_id in D:\xampp\htdocs\ytc_templates\opencart\so_shoppystore\catalog\controller\account\wishlist.php on line 115
2015-12-29 8:00:10 - PHP Notice:  Undefined variable: site_key in D:\xampp\htdocs\ytc_templates\opencart\so_shoppystore\catalog\view\theme\so-shoppystore\template\product\product.tpl on line 938
2015-12-29 8:00:25 - PHP Notice:  Undefined variable: site_key in D:\xampp\htdocs\ytc_templates\opencart\so_shoppystore\catalog\view\theme\so-shoppystore\template\product\product.tpl on line 938
2015-12-30 9:27:56 - PHP Notice:  Undefined index: loop in D:\xampp\htdocs\ytc_templates\opencart\placehoder\so_shoppystore\catalog\controller\module\so_deals.php on line 73
2015-12-30 9:28:14 - PHP Notice:  Undefined index: loop in D:\xampp\htdocs\ytc_templates\opencart\placehoder\so_shoppystore\admin\view\template\module\so_deals.tpl on line 838
2015-12-30 9:28:14 - PHP Notice:  Undefined index: loop in D:\xampp\htdocs\ytc_templates\opencart\placehoder\so_shoppystore\admin\view\template\module\so_deals.tpl on line 847
2015-12-30 9:28:56 - PHP Notice:  Undefined index: loop in D:\xampp\htdocs\ytc_templates\opencart\placehoder\so_shoppystore\admin\view\template\module\so_deals.tpl on line 838
2015-12-30 9:28:56 - PHP Notice:  Undefined index: loop in D:\xampp\htdocs\ytc_templates\opencart\placehoder\so_shoppystore\admin\view\template\module\so_deals.tpl on line 847
2015-12-30 9:29:25 - PHP Notice:  Undefined index: loop in D:\xampp\htdocs\ytc_templates\opencart\placehoder\so_shoppystore\admin\view\template\module\so_deals.tpl on line 838
2015-12-30 9:29:25 - PHP Notice:  Undefined index: loop in D:\xampp\htdocs\ytc_templates\opencart\placehoder\so_shoppystore\admin\view\template\module\so_deals.tpl on line 847
2016-08-10 8:56:26 - PHP Notice:  Undefined offset: 0 in C:\xampp\htdocs\arinsifashion\admin\controller\module\soconfig.php on line 45
2016-08-10 8:56:26 - PHP Notice:  Undefined offset: 0 in C:\xampp\htdocs\arinsifashion\admin\controller\module\soconfig.php on line 45
2016-08-10 8:56:42 - PHP Notice:  Undefined offset: 0 in C:\xampp\htdocs\arinsifashion\admin\controller\module\soconfig.php on line 45
2016-08-10 8:56:42 - PHP Notice:  Undefined offset: 0 in C:\xampp\htdocs\arinsifashion\admin\controller\module\soconfig.php on line 45
2016-08-10 8:56:58 - PHP Notice:  Undefined offset: 0 in C:\xampp\htdocs\arinsifashion\admin\controller\module\soconfig.php on line 45
2016-08-10 8:56:58 - PHP Notice:  Undefined offset: 0 in C:\xampp\htdocs\arinsifashion\admin\controller\module\soconfig.php on line 45
2016-08-10 9:20:04 - PHP Warning:  imagecopyresampled() expects parameter 2 to be resource, null given in C:\xampp\htdocs\arinsifashion\system\library\image.php on line 118
2016-08-10 9:20:05 - PHP Warning:  imagedestroy() expects parameter 1 to be resource, null given in C:\xampp\htdocs\arinsifashion\system\library\image.php on line 119
2016-08-10 9:20:05 - PHP Warning:  imagecopyresampled() expects parameter 2 to be resource, null given in C:\xampp\htdocs\arinsifashion\system\library\image.php on line 118
2016-08-10 9:20:05 - PHP Warning:  imagedestroy() expects parameter 1 to be resource, null given in C:\xampp\htdocs\arinsifashion\system\library\image.php on line 119
2016-08-10 13:52:40 - PHP Notice:  Undefined index: category_id in C:\xampp\htdocs\arinsifashion\catalog\controller\module\simple_blog.php on line 15
2016-08-10 13:52:40 - PHP Notice:  Undefined index: category_id in C:\xampp\htdocs\arinsifashion\catalog\controller\module\simple_blog.php on line 18
2016-08-10 13:52:40 - PHP Notice:  Undefined index: category_id in C:\xampp\htdocs\arinsifashion\catalog\controller\module\simple_blog.php on line 22
2016-08-10 13:52:40 - PHP Notice:  Undefined index: name in C:\xampp\htdocs\arinsifashion\catalog\controller\module\simple_blog.php on line 23
2016-08-10 13:52:40 - PHP Notice:  Undefined index: category_id in C:\xampp\htdocs\arinsifashion\catalog\controller\module\simple_blog.php on line 24
2016-08-10 13:52:40 - PHP Notice:  Undefined index: category_id in C:\xampp\htdocs\arinsifashion\catalog\controller\module\simple_blog.php on line 27
2016-08-10 13:52:40 - PHP Notice:  Undefined index: category_id in C:\xampp\htdocs\arinsifashion\catalog\controller\module\simple_blog.php on line 35
2016-08-10 13:52:40 - PHP Notice:  Undefined index: category_id in C:\xampp\htdocs\arinsifashion\catalog\controller\module\simple_blog.php on line 45
2016-08-10 13:52:40 - PHP Notice:  Undefined index: article_limit in C:\xampp\htdocs\arinsifashion\catalog\controller\module\simple_blog.php on line 47
2016-08-10 13:52:40 - PHP Notice:  Undefined index: status in C:\xampp\htdocs\arinsifashion\catalog\controller\module\simple_blog.php on line 53
2016-08-10 13:52:48 - PHP Notice:  Undefined index: category_id in C:\xampp\htdocs\arinsifashion\catalog\controller\module\simple_blog.php on line 15
2016-08-10 13:52:48 - PHP Notice:  Undefined index: category_id in C:\xampp\htdocs\arinsifashion\catalog\controller\module\simple_blog.php on line 18
2016-08-10 13:52:48 - PHP Notice:  Undefined index: category_id in C:\xampp\htdocs\arinsifashion\catalog\controller\module\simple_blog.php on line 22
2016-08-10 13:52:48 - PHP Notice:  Undefined index: name in C:\xampp\htdocs\arinsifashion\catalog\controller\module\simple_blog.php on line 23
2016-08-10 13:52:48 - PHP Notice:  Undefined index: category_id in C:\xampp\htdocs\arinsifashion\catalog\controller\module\simple_blog.php on line 24
2016-08-10 13:52:48 - PHP Notice:  Undefined index: category_id in C:\xampp\htdocs\arinsifashion\catalog\controller\module\simple_blog.php on line 27
2016-08-10 13:52:48 - PHP Notice:  Undefined index: category_id in C:\xampp\htdocs\arinsifashion\catalog\controller\module\simple_blog.php on line 35
2016-08-10 13:52:48 - PHP Notice:  Undefined index: category_id in C:\xampp\htdocs\arinsifashion\catalog\controller\module\simple_blog.php on line 45
2016-08-10 13:52:48 - PHP Notice:  Undefined index: article_limit in C:\xampp\htdocs\arinsifashion\catalog\controller\module\simple_blog.php on line 47
2016-08-10 13:52:48 - PHP Notice:  Undefined index: status in C:\xampp\htdocs\arinsifashion\catalog\controller\module\simple_blog.php on line 53
2016-08-10 13:52:54 - PHP Notice:  Undefined index: category_id in C:\xampp\htdocs\arinsifashion\catalog\controller\module\simple_blog.php on line 15
2016-08-10 13:52:54 - PHP Notice:  Undefined index: category_id in C:\xampp\htdocs\arinsifashion\catalog\controller\module\simple_blog.php on line 18
2016-08-10 13:52:54 - PHP Notice:  Undefined index: category_id in C:\xampp\htdocs\arinsifashion\catalog\controller\module\simple_blog.php on line 22
2016-08-10 13:52:54 - PHP Notice:  Undefined index: name in C:\xampp\htdocs\arinsifashion\catalog\controller\module\simple_blog.php on line 23
2016-08-10 13:52:54 - PHP Notice:  Undefined index: category_id in C:\xampp\htdocs\arinsifashion\catalog\controller\module\simple_blog.php on line 24
2016-08-10 13:52:54 - PHP Notice:  Undefined index: category_id in C:\xampp\htdocs\arinsifashion\catalog\controller\module\simple_blog.php on line 27
2016-08-10 13:52:54 - PHP Notice:  Undefined index: category_id in C:\xampp\htdocs\arinsifashion\catalog\controller\module\simple_blog.php on line 35
2016-08-10 13:52:54 - PHP Notice:  Undefined index: category_id in C:\xampp\htdocs\arinsifashion\catalog\controller\module\simple_blog.php on line 45
2016-08-10 13:52:54 - PHP Notice:  Undefined index: article_limit in C:\xampp\htdocs\arinsifashion\catalog\controller\module\simple_blog.php on line 47
2016-08-10 13:52:54 - PHP Notice:  Undefined index: status in C:\xampp\htdocs\arinsifashion\catalog\controller\module\simple_blog.php on line 53
2016-08-10 13:53:05 - PHP Notice:  Undefined index: category_id in C:\xampp\htdocs\arinsifashion\catalog\controller\module\simple_blog.php on line 15
2016-08-10 13:53:05 - PHP Notice:  Undefined index: category_id in C:\xampp\htdocs\arinsifashion\catalog\controller\module\simple_blog.php on line 18
2016-08-10 13:53:05 - PHP Notice:  Undefined index: category_id in C:\xampp\htdocs\arinsifashion\catalog\controller\module\simple_blog.php on line 22
2016-08-10 13:53:05 - PHP Notice:  Undefined index: name in C:\xampp\htdocs\arinsifashion\catalog\controller\module\simple_blog.php on line 23
2016-08-10 13:53:05 - PHP Notice:  Undefined index: category_id in C:\xampp\htdocs\arinsifashion\catalog\controller\module\simple_blog.php on line 24
2016-08-10 13:53:05 - PHP Notice:  Undefined index: category_id in C:\xampp\htdocs\arinsifashion\catalog\controller\module\simple_blog.php on line 27
2016-08-10 13:53:05 - PHP Notice:  Undefined index: category_id in C:\xampp\htdocs\arinsifashion\catalog\controller\module\simple_blog.php on line 35
2016-08-10 13:53:05 - PHP Notice:  Undefined index: category_id in C:\xampp\htdocs\arinsifashion\catalog\controller\module\simple_blog.php on line 45
2016-08-10 13:53:05 - PHP Notice:  Undefined index: article_limit in C:\xampp\htdocs\arinsifashion\catalog\controller\module\simple_blog.php on line 47
2016-08-10 13:53:05 - PHP Notice:  Undefined index: status in C:\xampp\htdocs\arinsifashion\catalog\controller\module\simple_blog.php on line 53
2016-08-10 13:53:28 - PHP Notice:  Undefined index: category_id in C:\xampp\htdocs\arinsifashion\catalog\controller\module\simple_blog.php on line 15
2016-08-10 13:53:28 - PHP Notice:  Undefined index: category_id in C:\xampp\htdocs\arinsifashion\catalog\controller\module\simple_blog.php on line 18
2016-08-10 13:53:28 - PHP Notice:  Undefined index: category_id in C:\xampp\htdocs\arinsifashion\catalog\controller\module\simple_blog.php on line 22
2016-08-10 13:53:28 - PHP Notice:  Undefined index: name in C:\xampp\htdocs\arinsifashion\catalog\controller\module\simple_blog.php on line 23
2016-08-10 13:53:28 - PHP Notice:  Undefined index: category_id in C:\xampp\htdocs\arinsifashion\catalog\controller\module\simple_blog.php on line 24
2016-08-10 13:53:28 - PHP Notice:  Undefined index: category_id in C:\xampp\htdocs\arinsifashion\catalog\controller\module\simple_blog.php on line 27
2016-08-10 13:53:28 - PHP Notice:  Undefined index: category_id in C:\xampp\htdocs\arinsifashion\catalog\controller\module\simple_blog.php on line 35
2016-08-10 13:53:28 - PHP Notice:  Undefined index: category_id in C:\xampp\htdocs\arinsifashion\catalog\controller\module\simple_blog.php on line 45
2016-08-10 13:53:28 - PHP Notice:  Undefined index: article_limit in C:\xampp\htdocs\arinsifashion\catalog\controller\module\simple_blog.php on line 47
2016-08-10 13:53:28 - PHP Notice:  Undefined index: status in C:\xampp\htdocs\arinsifashion\catalog\controller\module\simple_blog.php on line 53
2016-08-10 13:53:34 - PHP Notice:  Undefined index: category_id in C:\xampp\htdocs\arinsifashion\catalog\controller\module\simple_blog.php on line 15
2016-08-10 13:53:34 - PHP Notice:  Undefined index: category_id in C:\xampp\htdocs\arinsifashion\catalog\controller\module\simple_blog.php on line 18
2016-08-10 13:53:34 - PHP Notice:  Undefined index: category_id in C:\xampp\htdocs\arinsifashion\catalog\controller\module\simple_blog.php on line 22
2016-08-10 13:53:34 - PHP Notice:  Undefined index: name in C:\xampp\htdocs\arinsifashion\catalog\controller\module\simple_blog.php on line 23
2016-08-10 13:53:34 - PHP Notice:  Undefined index: category_id in C:\xampp\htdocs\arinsifashion\catalog\controller\module\simple_blog.php on line 24
2016-08-10 13:53:34 - PHP Notice:  Undefined index: category_id in C:\xampp\htdocs\arinsifashion\catalog\controller\module\simple_blog.php on line 27
2016-08-10 13:53:34 - PHP Notice:  Undefined index: category_id in C:\xampp\htdocs\arinsifashion\catalog\controller\module\simple_blog.php on line 35
2016-08-10 13:53:34 - PHP Notice:  Undefined index: category_id in C:\xampp\htdocs\arinsifashion\catalog\controller\module\simple_blog.php on line 45
2016-08-10 13:53:34 - PHP Notice:  Undefined index: article_limit in C:\xampp\htdocs\arinsifashion\catalog\controller\module\simple_blog.php on line 47
2016-08-10 13:53:34 - PHP Notice:  Undefined index: status in C:\xampp\htdocs\arinsifashion\catalog\controller\module\simple_blog.php on line 53
2016-08-10 15:14:32 - PHP Notice:  Undefined index: category_id in C:\xampp\htdocs\arinsifashion\catalog\controller\module\simple_blog.php on line 15
2016-08-10 15:14:32 - PHP Notice:  Undefined index: category_id in C:\xampp\htdocs\arinsifashion\catalog\controller\module\simple_blog.php on line 18
2016-08-10 15:14:32 - PHP Notice:  Undefined index: category_id in C:\xampp\htdocs\arinsifashion\catalog\controller\module\simple_blog.php on line 22
2016-08-10 15:14:32 - PHP Notice:  Undefined index: name in C:\xampp\htdocs\arinsifashion\catalog\controller\module\simple_blog.php on line 23
2016-08-10 15:14:32 - PHP Notice:  Undefined index: category_id in C:\xampp\htdocs\arinsifashion\catalog\controller\module\simple_blog.php on line 24
2016-08-10 15:14:32 - PHP Notice:  Undefined index: category_id in C:\xampp\htdocs\arinsifashion\catalog\controller\module\simple_blog.php on line 27
2016-08-10 15:14:32 - PHP Notice:  Undefined index: category_id in C:\xampp\htdocs\arinsifashion\catalog\controller\module\simple_blog.php on line 35
2016-08-10 15:14:32 - PHP Notice:  Undefined index: category_id in C:\xampp\htdocs\arinsifashion\catalog\controller\module\simple_blog.php on line 45
2016-08-10 15:14:32 - PHP Notice:  Undefined index: article_limit in C:\xampp\htdocs\arinsifashion\catalog\controller\module\simple_blog.php on line 47
2016-08-10 15:14:32 - PHP Notice:  Undefined index: status in C:\xampp\htdocs\arinsifashion\catalog\controller\module\simple_blog.php on line 53
2016-08-10 15:14:40 - PHP Notice:  Undefined index: category_id in C:\xampp\htdocs\arinsifashion\catalog\controller\module\simple_blog.php on line 15
2016-08-10 15:14:40 - PHP Notice:  Undefined index: category_id in C:\xampp\htdocs\arinsifashion\catalog\controller\module\simple_blog.php on line 18
2016-08-10 15:14:40 - PHP Notice:  Undefined index: category_id in C:\xampp\htdocs\arinsifashion\catalog\controller\module\simple_blog.php on line 22
2016-08-10 15:14:40 - PHP Notice:  Undefined index: name in C:\xampp\htdocs\arinsifashion\catalog\controller\module\simple_blog.php on line 23
2016-08-10 15:14:40 - PHP Notice:  Undefined index: category_id in C:\xampp\htdocs\arinsifashion\catalog\controller\module\simple_blog.php on line 24
2016-08-10 15:14:40 - PHP Notice:  Undefined index: category_id in C:\xampp\htdocs\arinsifashion\catalog\controller\module\simple_blog.php on line 27
2016-08-10 15:14:40 - PHP Notice:  Undefined index: category_id in C:\xampp\htdocs\arinsifashion\catalog\controller\module\simple_blog.php on line 35
2016-08-10 15:14:40 - PHP Notice:  Undefined index: category_id in C:\xampp\htdocs\arinsifashion\catalog\controller\module\simple_blog.php on line 45
2016-08-10 15:14:40 - PHP Notice:  Undefined index: article_limit in C:\xampp\htdocs\arinsifashion\catalog\controller\module\simple_blog.php on line 47
2016-08-10 15:14:40 - PHP Notice:  Undefined index: status in C:\xampp\htdocs\arinsifashion\catalog\controller\module\simple_blog.php on line 53
2016-08-10 15:14:51 - PHP Notice:  Undefined index: category_id in C:\xampp\htdocs\arinsifashion\catalog\controller\module\simple_blog.php on line 15
2016-08-10 15:14:51 - PHP Notice:  Undefined index: category_id in C:\xampp\htdocs\arinsifashion\catalog\controller\module\simple_blog.php on line 18
2016-08-10 15:14:51 - PHP Notice:  Undefined index: category_id in C:\xampp\htdocs\arinsifashion\catalog\controller\module\simple_blog.php on line 22
2016-08-10 15:14:51 - PHP Notice:  Undefined index: name in C:\xampp\htdocs\arinsifashion\catalog\controller\module\simple_blog.php on line 23
2016-08-10 15:14:51 - PHP Notice:  Undefined index: category_id in C:\xampp\htdocs\arinsifashion\catalog\controller\module\simple_blog.php on line 24
2016-08-10 15:14:51 - PHP Notice:  Undefined index: category_id in C:\xampp\htdocs\arinsifashion\catalog\controller\module\simple_blog.php on line 27
2016-08-10 15:14:51 - PHP Notice:  Undefined index: category_id in C:\xampp\htdocs\arinsifashion\catalog\controller\module\simple_blog.php on line 35
2016-08-10 15:14:51 - PHP Notice:  Undefined index: category_id in C:\xampp\htdocs\arinsifashion\catalog\controller\module\simple_blog.php on line 45
2016-08-10 15:14:51 - PHP Notice:  Undefined index: article_limit in C:\xampp\htdocs\arinsifashion\catalog\controller\module\simple_blog.php on line 47
2016-08-10 15:14:51 - PHP Notice:  Undefined index: status in C:\xampp\htdocs\arinsifashion\catalog\controller\module\simple_blog.php on line 53
2016-08-10 15:43:06 - PHP Notice:  Undefined variable: text_confirm in C:\xampp\htdocs\arinsifashion\admin\view\template\simple_blog\comment_list.tpl on line 9
2016-08-11 6:44:15 - PHP Warning:  Invalid argument supplied for foreach() in C:\xampp\htdocs\arinsifashion\system\library\mail.php on line 22
2016-08-11 6:44:20 - PHP Notice:  Undefined variable: button_save in C:\xampp\htdocs\arinsifashion\admin\view\template\module\advancedlogin.tpl on line 8
2016-08-11 6:44:20 - PHP Notice:  Undefined variable: cancel in C:\xampp\htdocs\arinsifashion\admin\view\template\module\advancedlogin.tpl on line 9
2016-08-11 6:44:20 - PHP Notice:  Undefined variable: button_cancel in C:\xampp\htdocs\arinsifashion\admin\view\template\module\advancedlogin.tpl on line 9
2016-08-11 6:44:20 - PHP Notice:  Undefined variable: title in C:\xampp\htdocs\arinsifashion\admin\view\template\module\advancedlogin.tpl on line 10
2016-08-11 6:44:20 - PHP Notice:  Undefined variable: breadcrumbs in C:\xampp\htdocs\arinsifashion\admin\view\template\module\advancedlogin.tpl on line 12
2016-08-11 6:44:20 - PHP Warning:  Invalid argument supplied for foreach() in C:\xampp\htdocs\arinsifashion\admin\view\template\module\advancedlogin.tpl on line 12
2016-08-11 6:44:20 - PHP Notice:  Undefined variable: error_warning in C:\xampp\htdocs\arinsifashion\admin\view\template\module\advancedlogin.tpl on line 19
2016-08-11 6:44:20 - PHP Notice:  Undefined variable: heading_title2 in C:\xampp\htdocs\arinsifashion\admin\view\template\module\advancedlogin.tpl on line 26
2016-08-11 6:44:20 - PHP Notice:  Undefined variable: action in C:\xampp\htdocs\arinsifashion\admin\view\template\module\advancedlogin.tpl on line 29
2016-08-11 6:44:20 - PHP Notice:  Undefined variable: languages in C:\xampp\htdocs\arinsifashion\admin\view\template\module\advancedlogin.tpl on line 942
2016-08-11 6:44:20 - PHP Warning:  Invalid argument supplied for foreach() in C:\xampp\htdocs\arinsifashion\admin\view\template\module\advancedlogin.tpl on line 942
2016-08-11 7:13:27 - PHP Notice:  Undefined variable: button_save in C:\xampp\htdocs\arinsifashion\admin\view\template\module\advancedlogin.tpl on line 8
2016-08-11 7:13:27 - PHP Notice:  Undefined variable: cancel in C:\xampp\htdocs\arinsifashion\admin\view\template\module\advancedlogin.tpl on line 9
2016-08-11 7:13:27 - PHP Notice:  Undefined variable: button_cancel in C:\xampp\htdocs\arinsifashion\admin\view\template\module\advancedlogin.tpl on line 9
2016-08-11 7:13:27 - PHP Notice:  Undefined variable: title in C:\xampp\htdocs\arinsifashion\admin\view\template\module\advancedlogin.tpl on line 10
2016-08-11 7:13:27 - PHP Notice:  Undefined variable: breadcrumbs in C:\xampp\htdocs\arinsifashion\admin\view\template\module\advancedlogin.tpl on line 12
2016-08-11 7:13:27 - PHP Warning:  Invalid argument supplied for foreach() in C:\xampp\htdocs\arinsifashion\admin\view\template\module\advancedlogin.tpl on line 12
2016-08-11 7:13:27 - PHP Notice:  Undefined variable: error_warning in C:\xampp\htdocs\arinsifashion\admin\view\template\module\advancedlogin.tpl on line 19
2016-08-11 7:13:27 - PHP Notice:  Undefined variable: heading_title2 in C:\xampp\htdocs\arinsifashion\admin\view\template\module\advancedlogin.tpl on line 26
2016-08-11 7:13:27 - PHP Notice:  Undefined variable: action in C:\xampp\htdocs\arinsifashion\admin\view\template\module\advancedlogin.tpl on line 29
2016-08-11 7:13:27 - PHP Notice:  Undefined variable: languages in C:\xampp\htdocs\arinsifashion\admin\view\template\module\advancedlogin.tpl on line 942
2016-08-11 7:13:27 - PHP Warning:  Invalid argument supplied for foreach() in C:\xampp\htdocs\arinsifashion\admin\view\template\module\advancedlogin.tpl on line 942
2016-08-11 7:38:33 - PHP Notice:  Indirect modification of overloaded property ControllerModuleFacebook::$data has no effect in C:\xampp\htdocs\arinsifashion\admin\controller\module\facebook.php on line 44
2016-08-11 7:38:33 - PHP Notice:  Indirect modification of overloaded property ControllerModuleFacebook::$data has no effect in C:\xampp\htdocs\arinsifashion\admin\controller\module\facebook.php on line 46
2016-08-11 7:38:33 - PHP Notice:  Indirect modification of overloaded property ControllerModuleFacebook::$data has no effect in C:\xampp\htdocs\arinsifashion\admin\controller\module\facebook.php on line 48
2016-08-11 7:38:33 - PHP Notice:  Indirect modification of overloaded property ControllerModuleFacebook::$data has no effect in C:\xampp\htdocs\arinsifashion\admin\controller\module\facebook.php on line 49
2016-08-11 7:38:33 - PHP Notice:  Indirect modification of overloaded property ControllerModuleFacebook::$data has no effect in C:\xampp\htdocs\arinsifashion\admin\controller\module\facebook.php on line 50
2016-08-11 7:38:33 - PHP Notice:  Indirect modification of overloaded property ControllerModuleFacebook::$data has no effect in C:\xampp\htdocs\arinsifashion\admin\controller\module\facebook.php on line 51
2016-08-11 7:38:33 - PHP Notice:  Indirect modification of overloaded property ControllerModuleFacebook::$data has no effect in C:\xampp\htdocs\arinsifashion\admin\controller\module\facebook.php on line 52
2016-08-11 7:38:33 - PHP Notice:  Indirect modification of overloaded property ControllerModuleFacebook::$data has no effect in C:\xampp\htdocs\arinsifashion\admin\controller\module\facebook.php on line 53
2016-08-11 7:38:33 - PHP Notice:  Indirect modification of overloaded property ControllerModuleFacebook::$data has no effect in C:\xampp\htdocs\arinsifashion\admin\controller\module\facebook.php on line 55
2016-08-11 7:38:33 - PHP Notice:  Indirect modification of overloaded property ControllerModuleFacebook::$data has no effect in C:\xampp\htdocs\arinsifashion\admin\controller\module\facebook.php on line 56
2016-08-11 7:38:33 - PHP Notice:  Indirect modification of overloaded property ControllerModuleFacebook::$data has no effect in C:\xampp\htdocs\arinsifashion\admin\controller\module\facebook.php on line 57
2016-08-11 7:38:33 - PHP Notice:  Indirect modification of overloaded property ControllerModuleFacebook::$data has no effect in C:\xampp\htdocs\arinsifashion\admin\controller\module\facebook.php on line 58
2016-08-11 7:38:33 - PHP Notice:  Indirect modification of overloaded property ControllerModuleFacebook::$data has no effect in C:\xampp\htdocs\arinsifashion\admin\controller\module\facebook.php on line 60
2016-08-11 7:38:33 - PHP Notice:  Indirect modification of overloaded property ControllerModuleFacebook::$data has no effect in C:\xampp\htdocs\arinsifashion\admin\controller\module\facebook.php on line 61
2016-08-11 7:38:33 - PHP Notice:  Indirect modification of overloaded property ControllerModuleFacebook::$data has no effect in C:\xampp\htdocs\arinsifashion\admin\controller\module\facebook.php on line 62
2016-08-11 7:38:33 - PHP Notice:  Indirect modification of overloaded property ControllerModuleFacebook::$data has no effect in C:\xampp\htdocs\arinsifashion\admin\controller\module\facebook.php on line 63
2016-08-11 7:38:33 - PHP Notice:  Indirect modification of overloaded property ControllerModuleFacebook::$data has no effect in C:\xampp\htdocs\arinsifashion\admin\controller\module\facebook.php on line 64
2016-08-11 7:38:33 - PHP Notice:  Indirect modification of overloaded property ControllerModuleFacebook::$data has no effect in C:\xampp\htdocs\arinsifashion\admin\controller\module\facebook.php on line 65
2016-08-11 7:38:33 - PHP Notice:  Indirect modification of overloaded property ControllerModuleFacebook::$data has no effect in C:\xampp\htdocs\arinsifashion\admin\controller\module\facebook.php on line 67
2016-08-11 7:38:33 - PHP Notice:  Indirect modification of overloaded property ControllerModuleFacebook::$data has no effect in C:\xampp\htdocs\arinsifashion\admin\controller\module\facebook.php on line 68
2016-08-11 7:38:33 - PHP Notice:  Indirect modification of overloaded property ControllerModuleFacebook::$data has no effect in C:\xampp\htdocs\arinsifashion\admin\controller\module\facebook.php on line 69
2016-08-11 7:38:33 - PHP Notice:  Indirect modification of overloaded property ControllerModuleFacebook::$data has no effect in C:\xampp\htdocs\arinsifashion\admin\controller\module\facebook.php on line 70
2016-08-11 7:38:33 - PHP Notice:  Indirect modification of overloaded property ControllerModuleFacebook::$data has no effect in C:\xampp\htdocs\arinsifashion\admin\controller\module\facebook.php on line 72
2016-08-11 7:38:33 - PHP Notice:  Indirect modification of overloaded property ControllerModuleFacebook::$data has no effect in C:\xampp\htdocs\arinsifashion\admin\controller\module\facebook.php on line 73
2016-08-11 7:38:33 - PHP Notice:  Indirect modification of overloaded property ControllerModuleFacebook::$data has no effect in C:\xampp\htdocs\arinsifashion\admin\controller\module\facebook.php on line 74
2016-08-11 7:38:33 - PHP Notice:  Indirect modification of overloaded property ControllerModuleFacebook::$data has no effect in C:\xampp\htdocs\arinsifashion\admin\controller\module\facebook.php on line 75
2016-08-11 7:38:33 - PHP Notice:  Indirect modification of overloaded property ControllerModuleFacebook::$data has no effect in C:\xampp\htdocs\arinsifashion\admin\controller\module\facebook.php on line 80
2016-08-11 7:38:33 - PHP Notice:  Indirect modification of overloaded property ControllerModuleFacebook::$data has no effect in C:\xampp\htdocs\arinsifashion\admin\controller\module\facebook.php on line 86
2016-08-11 7:38:33 - PHP Notice:  Indirect modification of overloaded property ControllerModuleFacebook::$data has no effect in C:\xampp\htdocs\arinsifashion\admin\controller\module\facebook.php on line 89
2016-08-11 7:38:33 - PHP Notice:  Indirect modification of overloaded property ControllerModuleFacebook::$data has no effect in C:\xampp\htdocs\arinsifashion\admin\controller\module\facebook.php on line 91
2016-08-11 7:38:33 - PHP Notice:  Indirect modification of overloaded property ControllerModuleFacebook::$data has no effect in C:\xampp\htdocs\arinsifashion\admin\controller\module\facebook.php on line 97
2016-08-11 7:38:33 - PHP Notice:  Indirect modification of overloaded property ControllerModuleFacebook::$data has no effect in C:\xampp\htdocs\arinsifashion\admin\controller\module\facebook.php on line 103
2016-08-11 7:38:33 - PHP Notice:  Indirect modification of overloaded property ControllerModuleFacebook::$data has no effect in C:\xampp\htdocs\arinsifashion\admin\controller\module\facebook.php on line 109
2016-08-11 7:38:33 - PHP Notice:  Indirect modification of overloaded property ControllerModuleFacebook::$data has no effect in C:\xampp\htdocs\arinsifashion\admin\controller\module\facebook.php on line 111
2016-08-11 7:38:33 - PHP Notice:  Indirect modification of overloaded property ControllerModuleFacebook::$data has no effect in C:\xampp\htdocs\arinsifashion\admin\controller\module\facebook.php on line 113
2016-08-11 7:38:33 - PHP Notice:  Indirect modification of overloaded property ControllerModuleFacebook::$data has no effect in C:\xampp\htdocs\arinsifashion\admin\controller\module\facebook.php on line 119
2016-08-11 7:38:33 - PHP Notice:  Indirect modification of overloaded property ControllerModuleFacebook::$data has no effect in C:\xampp\htdocs\arinsifashion\admin\controller\module\facebook.php on line 119
2016-08-11 7:38:33 - PHP Notice:  Indirect modification of overloaded property ControllerModuleFacebook::$data has no effect in C:\xampp\htdocs\arinsifashion\admin\controller\module\facebook.php on line 127
2016-08-11 7:38:33 - PHP Notice:  Indirect modification of overloaded property ControllerModuleFacebook::$data has no effect in C:\xampp\htdocs\arinsifashion\admin\controller\module\facebook.php on line 133
2016-08-11 7:38:33 - PHP Notice:  Indirect modification of overloaded property ControllerModuleFacebook::$data has no effect in C:\xampp\htdocs\arinsifashion\admin\controller\module\facebook.php on line 139
2016-08-11 7:38:33 - PHP Notice:  Indirect modification of overloaded property ControllerModuleFacebook::$data has no effect in C:\xampp\htdocs\arinsifashion\admin\controller\module\facebook.php on line 181
2016-08-11 7:43:51 - PHP Notice:  Undefined variable: button_save in C:\xampp\htdocs\arinsifashion\admin\view\template\module\advancedlogin.tpl on line 8
2016-08-11 7:43:51 - PHP Notice:  Undefined variable: cancel in C:\xampp\htdocs\arinsifashion\admin\view\template\module\advancedlogin.tpl on line 9
2016-08-11 7:43:51 - PHP Notice:  Undefined variable: button_cancel in C:\xampp\htdocs\arinsifashion\admin\view\template\module\advancedlogin.tpl on line 9
2016-08-11 7:43:51 - PHP Notice:  Undefined variable: title in C:\xampp\htdocs\arinsifashion\admin\view\template\module\advancedlogin.tpl on line 10
2016-08-11 7:43:51 - PHP Notice:  Undefined variable: breadcrumbs in C:\xampp\htdocs\arinsifashion\admin\view\template\module\advancedlogin.tpl on line 12
2016-08-11 7:43:51 - PHP Warning:  Invalid argument supplied for foreach() in C:\xampp\htdocs\arinsifashion\admin\view\template\module\advancedlogin.tpl on line 12
2016-08-11 7:43:51 - PHP Notice:  Undefined variable: error_warning in C:\xampp\htdocs\arinsifashion\admin\view\template\module\advancedlogin.tpl on line 19
2016-08-11 7:43:51 - PHP Notice:  Undefined variable: heading_title2 in C:\xampp\htdocs\arinsifashion\admin\view\template\module\advancedlogin.tpl on line 26
2016-08-11 7:43:51 - PHP Notice:  Undefined variable: action in C:\xampp\htdocs\arinsifashion\admin\view\template\module\advancedlogin.tpl on line 29
2016-08-11 7:43:51 - PHP Notice:  Undefined variable: languages in C:\xampp\htdocs\arinsifashion\admin\view\template\module\advancedlogin.tpl on line 942
2016-08-11 7:43:51 - PHP Warning:  Invalid argument supplied for foreach() in C:\xampp\htdocs\arinsifashion\admin\view\template\module\advancedlogin.tpl on line 942
2016-08-11 7:44:05 - PHP Notice:  Undefined variable: button_save in C:\xampp\htdocs\arinsifashion\admin\view\template\module\advancedlogin.tpl on line 8
2016-08-11 7:44:05 - PHP Notice:  Undefined variable: cancel in C:\xampp\htdocs\arinsifashion\admin\view\template\module\advancedlogin.tpl on line 9
2016-08-11 7:44:05 - PHP Notice:  Undefined variable: button_cancel in C:\xampp\htdocs\arinsifashion\admin\view\template\module\advancedlogin.tpl on line 9
2016-08-11 7:44:05 - PHP Notice:  Undefined variable: title in C:\xampp\htdocs\arinsifashion\admin\view\template\module\advancedlogin.tpl on line 10
2016-08-11 7:44:05 - PHP Notice:  Undefined variable: breadcrumbs in C:\xampp\htdocs\arinsifashion\admin\view\template\module\advancedlogin.tpl on line 12
2016-08-11 7:44:05 - PHP Warning:  Invalid argument supplied for foreach() in C:\xampp\htdocs\arinsifashion\admin\view\template\module\advancedlogin.tpl on line 12
2016-08-11 7:44:05 - PHP Notice:  Undefined variable: error_warning in C:\xampp\htdocs\arinsifashion\admin\view\template\module\advancedlogin.tpl on line 19
2016-08-11 7:44:05 - PHP Notice:  Undefined variable: heading_title2 in C:\xampp\htdocs\arinsifashion\admin\view\template\module\advancedlogin.tpl on line 26
2016-08-11 7:44:05 - PHP Notice:  Undefined variable: action in C:\xampp\htdocs\arinsifashion\admin\view\template\module\advancedlogin.tpl on line 29
2016-08-11 7:44:05 - PHP Notice:  Undefined variable: languages in C:\xampp\htdocs\arinsifashion\admin\view\template\module\advancedlogin.tpl on line 942
2016-08-11 7:44:05 - PHP Warning:  Invalid argument supplied for foreach() in C:\xampp\htdocs\arinsifashion\admin\view\template\module\advancedlogin.tpl on line 942
2016-08-12 13:02:03 - PHP Notice:  Undefined property: Request::$server in C:\xampp\htdocs\arinsifashion\system\library\customer.php on line 35
2016-08-15 22:27:23 - PHP Warning:  include(catalog/view/theme/so-shoppystore2/template/product/related.php): failed to open stream: No such file or directory in C:\xampp\htdocs\arinsifashion\catalog\view\theme\so-shoppystore2\template\product\product.tpl on line 647
2016-08-15 22:27:23 - PHP Warning:  include(): Failed opening 'catalog/view/theme/so-shoppystore2/template/product/related.php' for inclusion (include_path='.;C:\xampp\php\PEAR') in C:\xampp\htdocs\arinsifashion\catalog\view\theme\so-shoppystore2\template\product\product.tpl on line 647
2016-08-15 22:32:23 - PHP Warning:  include(catalog/view/theme/so-shoppystore2/template/product/related.php): failed to open stream: No such file or directory in C:\xampp\htdocs\arinsifashion\catalog\view\theme\so-shoppystore2\template\product\product.tpl on line 647
2016-08-15 22:32:23 - PHP Warning:  include(): Failed opening 'catalog/view/theme/so-shoppystore2/template/product/related.php' for inclusion (include_path='.;C:\xampp\php\PEAR') in C:\xampp\htdocs\arinsifashion\catalog\view\theme\so-shoppystore2\template\product\product.tpl on line 647
2016-08-15 22:38:13 - PHP Warning:  include(catalog/view/theme/so-shoppystore2/template/product/related.php): failed to open stream: No such file or directory in C:\xampp\htdocs\arinsifashion\catalog\view\theme\so-shoppystore2\template\product\product.tpl on line 647
2016-08-15 22:38:13 - PHP Warning:  include(): Failed opening 'catalog/view/theme/so-shoppystore2/template/product/related.php' for inclusion (include_path='.;C:\xampp\php\PEAR') in C:\xampp\htdocs\arinsifashion\catalog\view\theme\so-shoppystore2\template\product\product.tpl on line 647
2016-08-15 22:38:27 - PHP Warning:  include(catalog/view/theme/so-shoppystore2/template/product/related.php): failed to open stream: No such file or directory in C:\xampp\htdocs\arinsifashion\catalog\view\theme\so-shoppystore2\template\product\product.tpl on line 647
2016-08-15 22:38:27 - PHP Warning:  include(): Failed opening 'catalog/view/theme/so-shoppystore2/template/product/related.php' for inclusion (include_path='.;C:\xampp\php\PEAR') in C:\xampp\htdocs\arinsifashion\catalog\view\theme\so-shoppystore2\template\product\product.tpl on line 647
2016-08-16 1:53:51 - PHP Notice:  Undefined index: category in C:\xampp\htdocs\arinsifashion\catalog\controller\module\so_related_tabs.php on line 42
2016-08-16 1:53:51 - PHP Notice:  Undefined index: category in C:\xampp\htdocs\arinsifashion\catalog\controller\module\so_related_tabs.php on line 316
2016-08-16 1:53:55 - PHP Notice:  Undefined index: category in C:\xampp\htdocs\arinsifashion\catalog\controller\module\so_related_tabs.php on line 42
2016-08-16 1:53:55 - PHP Notice:  Undefined index: category in C:\xampp\htdocs\arinsifashion\catalog\controller\module\so_related_tabs.php on line 316
2016-08-16 1:54:03 - PHP Notice:  Undefined index: category in C:\xampp\htdocs\arinsifashion\catalog\controller\module\so_related_tabs.php on line 42
2016-08-16 1:54:03 - PHP Notice:  Undefined index: category in C:\xampp\htdocs\arinsifashion\catalog\controller\module\so_related_tabs.php on line 316
2016-08-16 1:54:22 - PHP Notice:  Undefined index: category in C:\xampp\htdocs\arinsifashion\catalog\controller\module\so_related_tabs.php on line 42
2016-08-16 1:54:22 - PHP Notice:  Undefined index: category in C:\xampp\htdocs\arinsifashion\catalog\controller\module\so_related_tabs.php on line 316
2016-08-16 1:54:26 - PHP Notice:  Undefined index: category in C:\xampp\htdocs\arinsifashion\catalog\controller\module\so_related_tabs.php on line 42
2016-08-16 1:54:26 - PHP Notice:  Undefined index: category in C:\xampp\htdocs\arinsifashion\catalog\controller\module\so_related_tabs.php on line 316
2016-08-16 1:54:34 - PHP Notice:  Undefined index: category in C:\xampp\htdocs\arinsifashion\catalog\controller\module\so_related_tabs.php on line 42
2016-08-16 1:54:34 - PHP Notice:  Undefined index: category in C:\xampp\htdocs\arinsifashion\catalog\controller\module\so_related_tabs.php on line 316
2016-08-16 1:54:37 - PHP Notice:  Undefined index: category in C:\xampp\htdocs\arinsifashion\catalog\controller\module\so_related_tabs.php on line 42
2016-08-16 1:54:37 - PHP Notice:  Undefined index: category in C:\xampp\htdocs\arinsifashion\catalog\controller\module\so_related_tabs.php on line 316
2016-08-16 17:06:17 - PHP Warning:  Invalid argument supplied for foreach() in C:\xampp\htdocs\arinsifashion\admin\controller\module\so_related_tabs.php on line 187
2016-08-16 17:06:45 - PHP Warning:  Invalid argument supplied for foreach() in C:\xampp\htdocs\arinsifashion\admin\controller\module\so_related_tabs.php on line 155
2016-08-16 17:06:56 - PHP Warning:  Invalid argument supplied for foreach() in C:\xampp\htdocs\arinsifashion\catalog\controller\module\so_related_tabs.php on line 506
2016-08-16 17:06:59 - PHP Warning:  Invalid argument supplied for foreach() in C:\xampp\htdocs\arinsifashion\catalog\controller\module\so_related_tabs.php on line 506
2016-08-16 17:07:02 - PHP Warning:  Invalid argument supplied for foreach() in C:\xampp\htdocs\arinsifashion\catalog\controller\module\so_related_tabs.php on line 506
2016-08-16 17:07:07 - PHP Warning:  Invalid argument supplied for foreach() in C:\xampp\htdocs\arinsifashion\catalog\controller\module\so_related_tabs.php on line 506
2016-08-16 17:07:19 - PHP Warning:  Invalid argument supplied for foreach() in C:\xampp\htdocs\arinsifashion\catalog\controller\module\so_related_tabs.php on line 506
2016-08-16 17:07:23 - PHP Warning:  Invalid argument supplied for foreach() in C:\xampp\htdocs\arinsifashion\catalog\controller\module\so_related_tabs.php on line 506
2016-08-18 17:50:29 - PHP Notice:  Undefined offset: 4 in C:\xampp\htdocs\arinsifashion\admin\view\template\module\options_field.php on line 124
2016-08-18 17:50:29 - PHP Notice:  Undefined offset: 4 in C:\xampp\htdocs\arinsifashion\admin\view\template\module\options_field.php on line 124
2016-08-18 17:50:29 - PHP Notice:  Undefined offset: 4 in C:\xampp\htdocs\arinsifashion\admin\view\template\module\options_field.php on line 124
2016-08-18 17:50:29 - PHP Notice:  Undefined offset: 4 in C:\xampp\htdocs\arinsifashion\admin\view\template\module\options_field.php on line 124
2016-08-18 17:50:29 - PHP Notice:  Undefined offset: 4 in C:\xampp\htdocs\arinsifashion\admin\view\template\module\options_field.php on line 124
2016-08-18 17:50:29 - PHP Notice:  Undefined offset: 4 in C:\xampp\htdocs\arinsifashion\admin\view\template\module\options_field.php on line 124
2016-08-18 17:50:29 - PHP Notice:  Undefined offset: 4 in C:\xampp\htdocs\arinsifashion\admin\view\template\module\options_field.php on line 124
2016-08-18 17:50:29 - PHP Notice:  Undefined offset: 4 in C:\xampp\htdocs\arinsifashion\admin\view\template\module\options_field.php on line 124
2016-08-18 17:50:29 - PHP Notice:  Undefined offset: 4 in C:\xampp\htdocs\arinsifashion\admin\view\template\module\options_field.php on line 124
2016-08-18 17:50:29 - PHP Notice:  Undefined offset: 4 in C:\xampp\htdocs\arinsifashion\admin\view\template\module\options_field.php on line 124
2016-08-18 19:19:57 - PHP Warning:  unlink(C:/xampp/htdocs/arinsifashion/system/storage/cache/cache.product.latest.4.0.1.4.1471539244): No such file or directory in C:\xampp\htdocs\arinsifashion\system\library\cache\file.php on line 17
2016-08-18 21:07:38 - PHP Notice:  Undefined offset: 2 in C:\xampp\htdocs\arinsifashion\admin\view\template\module\options_field.php on line 124
2016-08-18 21:07:38 - PHP Notice:  Undefined offset: 2 in C:\xampp\htdocs\arinsifashion\admin\view\template\module\options_field.php on line 124
2016-08-18 21:07:38 - PHP Notice:  Undefined offset: 2 in C:\xampp\htdocs\arinsifashion\admin\view\template\module\options_field.php on line 124
2016-08-18 21:07:38 - PHP Notice:  Undefined offset: 2 in C:\xampp\htdocs\arinsifashion\admin\view\template\module\options_field.php on line 124
2016-08-18 21:07:38 - PHP Notice:  Undefined offset: 2 in C:\xampp\htdocs\arinsifashion\admin\view\template\module\options_field.php on line 124
2016-08-18 21:07:38 - PHP Notice:  Undefined offset: 3 in C:\xampp\htdocs\arinsifashion\admin\view\template\module\options_field.php on line 124
2016-08-18 21:07:38 - PHP Notice:  Undefined offset: 3 in C:\xampp\htdocs\arinsifashion\admin\view\template\module\options_field.php on line 124
2016-08-18 21:07:38 - PHP Notice:  Undefined offset: 3 in C:\xampp\htdocs\arinsifashion\admin\view\template\module\options_field.php on line 124
2016-08-18 21:07:38 - PHP Notice:  Undefined offset: 3 in C:\xampp\htdocs\arinsifashion\admin\view\template\module\options_field.php on line 124
2016-08-18 21:07:38 - PHP Notice:  Undefined offset: 3 in C:\xampp\htdocs\arinsifashion\admin\view\template\module\options_field.php on line 124
2016-08-18 21:39:55 - PHP Notice:  Undefined variable: header in C:\xampp\htdocs\arinsifashion\admin\view\template\module\so_category_slider.tpl on line 1
2016-08-18 21:39:55 - PHP Notice:  Undefined variable: column_left in C:\xampp\htdocs\arinsifashion\admin\view\template\module\so_category_slider.tpl on line 1
2016-08-18 21:39:55 - PHP Notice:  Undefined variable: cat_id in C:\xampp\htdocs\arinsifashion\admin\view\template\module\so_category_slider.tpl on line 288
2016-08-18 21:39:55 - PHP Notice:  Undefined variable: cat_id in C:\xampp\htdocs\arinsifashion\admin\view\template\module\so_category_slider.tpl on line 288
2016-08-18 21:39:55 - PHP Notice:  Undefined variable: cat_id in C:\xampp\htdocs\arinsifashion\admin\view\template\module\so_category_slider.tpl on line 288
2016-08-18 21:39:55 - PHP Notice:  Undefined variable: cat_id in C:\xampp\htdocs\arinsifashion\admin\view\template\module\so_category_slider.tpl on line 288
2016-08-18 21:39:55 - PHP Notice:  Undefined variable: cat_id in C:\xampp\htdocs\arinsifashion\admin\view\template\module\so_category_slider.tpl on line 288
2016-08-18 21:39:55 - PHP Notice:  Undefined variable: cat_id in C:\xampp\htdocs\arinsifashion\admin\view\template\module\so_category_slider.tpl on line 288
2016-08-18 21:39:55 - PHP Notice:  Undefined variable: cat_id in C:\xampp\htdocs\arinsifashion\admin\view\template\module\so_category_slider.tpl on line 288
2016-08-18 21:39:55 - PHP Notice:  Undefined variable: cat_id in C:\xampp\htdocs\arinsifashion\admin\view\template\module\so_category_slider.tpl on line 288
2016-08-18 21:39:55 - PHP Notice:  Undefined variable: cat_id in C:\xampp\htdocs\arinsifashion\admin\view\template\module\so_category_slider.tpl on line 288
2016-08-18 21:39:55 - PHP Notice:  Undefined variable: cat_id in C:\xampp\htdocs\arinsifashion\admin\view\template\module\so_category_slider.tpl on line 288
2016-08-18 21:39:55 - PHP Notice:  Undefined variable: cat_id in C:\xampp\htdocs\arinsifashion\admin\view\template\module\so_category_slider.tpl on line 288
2016-08-18 21:39:55 - PHP Notice:  Undefined variable: cat_id in C:\xampp\htdocs\arinsifashion\admin\view\template\module\so_category_slider.tpl on line 288
2016-08-18 21:39:55 - PHP Notice:  Undefined variable: cat_id in C:\xampp\htdocs\arinsifashion\admin\view\template\module\so_category_slider.tpl on line 288
2016-08-18 21:39:55 - PHP Notice:  Undefined variable: cat_id in C:\xampp\htdocs\arinsifashion\admin\view\template\module\so_category_slider.tpl on line 288
2016-08-18 21:39:55 - PHP Notice:  Undefined variable: cat_id in C:\xampp\htdocs\arinsifashion\admin\view\template\module\so_category_slider.tpl on line 288
2016-08-18 21:39:55 - PHP Notice:  Undefined variable: cat_id in C:\xampp\htdocs\arinsifashion\admin\view\template\module\so_category_slider.tpl on line 288
2016-08-18 21:39:55 - PHP Notice:  Undefined variable: cat_id in C:\xampp\htdocs\arinsifashion\admin\view\template\module\so_category_slider.tpl on line 288
2016-08-18 21:39:55 - PHP Notice:  Undefined variable: cat_id in C:\xampp\htdocs\arinsifashion\admin\view\template\module\so_category_slider.tpl on line 288
2016-08-18 21:39:55 - PHP Notice:  Undefined variable: cat_id in C:\xampp\htdocs\arinsifashion\admin\view\template\module\so_category_slider.tpl on line 288
2016-08-18 21:39:55 - PHP Notice:  Undefined variable: cat_id in C:\xampp\htdocs\arinsifashion\admin\view\template\module\so_category_slider.tpl on line 288
2016-08-18 21:39:55 - PHP Notice:  Undefined variable: cat_id in C:\xampp\htdocs\arinsifashion\admin\view\template\module\so_category_slider.tpl on line 288
2016-08-18 21:39:55 - PHP Notice:  Undefined variable: cat_id in C:\xampp\htdocs\arinsifashion\admin\view\template\module\so_category_slider.tpl on line 288
2016-08-18 21:39:55 - PHP Notice:  Undefined variable: cat_id in C:\xampp\htdocs\arinsifashion\admin\view\template\module\so_category_slider.tpl on line 288
2016-08-18 21:39:55 - PHP Notice:  Undefined variable: cat_id in C:\xampp\htdocs\arinsifashion\admin\view\template\module\so_category_slider.tpl on line 288
2016-08-18 21:39:55 - PHP Notice:  Undefined variable: cat_id in C:\xampp\htdocs\arinsifashion\admin\view\template\module\so_category_slider.tpl on line 288
2016-08-18 21:39:55 - PHP Notice:  Undefined variable: cat_id in C:\xampp\htdocs\arinsifashion\admin\view\template\module\so_category_slider.tpl on line 288
2016-08-18 21:39:55 - PHP Notice:  Undefined variable: cat_id in C:\xampp\htdocs\arinsifashion\admin\view\template\module\so_category_slider.tpl on line 288
2016-08-18 21:39:55 - PHP Notice:  Undefined variable: cat_id in C:\xampp\htdocs\arinsifashion\admin\view\template\module\so_category_slider.tpl on line 288
2016-08-18 21:39:55 - PHP Notice:  Undefined variable: cat_id in C:\xampp\htdocs\arinsifashion\admin\view\template\module\so_category_slider.tpl on line 288
2016-08-18 21:39:55 - PHP Notice:  Undefined variable: cat_id in C:\xampp\htdocs\arinsifashion\admin\view\template\module\so_category_slider.tpl on line 288
2016-08-18 21:39:55 - PHP Notice:  Undefined variable: cat_id in C:\xampp\htdocs\arinsifashion\admin\view\template\module\so_category_slider.tpl on line 288
2016-08-18 21:39:55 - PHP Notice:  Undefined variable: cat_id in C:\xampp\htdocs\arinsifashion\admin\view\template\module\so_category_slider.tpl on line 288
2016-08-18 21:39:55 - PHP Notice:  Undefined variable: cat_id in C:\xampp\htdocs\arinsifashion\admin\view\template\module\so_category_slider.tpl on line 288
2016-08-18 21:39:55 - PHP Notice:  Undefined variable: cat_id in C:\xampp\htdocs\arinsifashion\admin\view\template\module\so_category_slider.tpl on line 288
2016-08-18 21:39:55 - PHP Notice:  Undefined variable: cat_id in C:\xampp\htdocs\arinsifashion\admin\view\template\module\so_category_slider.tpl on line 288
2016-08-18 21:39:55 - PHP Notice:  Undefined variable: cat_id in C:\xampp\htdocs\arinsifashion\admin\view\template\module\so_category_slider.tpl on line 288
2016-08-18 21:39:55 - PHP Notice:  Undefined variable: cat_id in C:\xampp\htdocs\arinsifashion\admin\view\template\module\so_category_slider.tpl on line 288
2016-08-18 21:39:55 - PHP Notice:  Undefined variable: cat_id in C:\xampp\htdocs\arinsifashion\admin\view\template\module\so_category_slider.tpl on line 288
2016-08-18 21:39:55 - PHP Notice:  Undefined variable: cat_id in C:\xampp\htdocs\arinsifashion\admin\view\template\module\so_category_slider.tpl on line 288
2016-08-18 21:39:55 - PHP Notice:  Undefined variable: cat_id in C:\xampp\htdocs\arinsifashion\admin\view\template\module\so_category_slider.tpl on line 288
2016-08-18 21:39:55 - PHP Notice:  Undefined variable: cat_id in C:\xampp\htdocs\arinsifashion\admin\view\template\module\so_category_slider.tpl on line 288
2016-08-18 21:39:55 - PHP Notice:  Undefined variable: cat_id in C:\xampp\htdocs\arinsifashion\admin\view\template\module\so_category_slider.tpl on line 288
2016-08-18 21:39:55 - PHP Notice:  Undefined variable: cat_id in C:\xampp\htdocs\arinsifashion\admin\view\template\module\so_category_slider.tpl on line 288
2016-08-18 21:39:55 - PHP Notice:  Undefined variable: cat_id in C:\xampp\htdocs\arinsifashion\admin\view\template\module\so_category_slider.tpl on line 288
2016-08-18 21:39:55 - PHP Notice:  Undefined variable: cat_id in C:\xampp\htdocs\arinsifashion\admin\view\template\module\so_category_slider.tpl on line 288
2016-08-18 21:39:55 - PHP Notice:  Undefined variable: cat_id in C:\xampp\htdocs\arinsifashion\admin\view\template\module\so_category_slider.tpl on line 288
2016-08-18 21:39:55 - PHP Notice:  Undefined variable: cat_id in C:\xampp\htdocs\arinsifashion\admin\view\template\module\so_category_slider.tpl on line 288
2016-08-18 21:39:55 - PHP Notice:  Undefined variable: cat_id in C:\xampp\htdocs\arinsifashion\admin\view\template\module\so_category_slider.tpl on line 288
2016-08-18 21:39:55 - PHP Notice:  Undefined variable: cat_id in C:\xampp\htdocs\arinsifashion\admin\view\template\module\so_category_slider.tpl on line 288
2016-08-18 21:39:55 - PHP Notice:  Undefined variable: cat_id in C:\xampp\htdocs\arinsifashion\admin\view\template\module\so_category_slider.tpl on line 288
2016-08-18 21:39:55 - PHP Notice:  Undefined variable: cat_id in C:\xampp\htdocs\arinsifashion\admin\view\template\module\so_category_slider.tpl on line 288
2016-08-18 21:39:55 - PHP Notice:  Undefined variable: cat_id in C:\xampp\htdocs\arinsifashion\admin\view\template\module\so_category_slider.tpl on line 288
2016-08-18 21:39:55 - PHP Notice:  Undefined variable: cat_id in C:\xampp\htdocs\arinsifashion\admin\view\template\module\so_category_slider.tpl on line 288
2016-08-18 21:39:55 - PHP Notice:  Undefined variable: cat_id in C:\xampp\htdocs\arinsifashion\admin\view\template\module\so_category_slider.tpl on line 288
2016-08-18 21:39:55 - PHP Notice:  Undefined variable: cat_id in C:\xampp\htdocs\arinsifashion\admin\view\template\module\so_category_slider.tpl on line 288
2016-08-18 21:39:55 - PHP Notice:  Undefined variable: cat_id in C:\xampp\htdocs\arinsifashion\admin\view\template\module\so_category_slider.tpl on line 288
2016-08-18 21:39:55 - PHP Notice:  Undefined variable: cat_id in C:\xampp\htdocs\arinsifashion\admin\view\template\module\so_category_slider.tpl on line 288
2016-08-18 21:39:55 - PHP Notice:  Undefined variable: cat_id in C:\xampp\htdocs\arinsifashion\admin\view\template\module\so_category_slider.tpl on line 288
2016-08-18 21:39:55 - PHP Notice:  Undefined variable: cat_id in C:\xampp\htdocs\arinsifashion\admin\view\template\module\so_category_slider.tpl on line 288
2016-08-18 21:39:55 - PHP Notice:  Undefined variable: cat_id in C:\xampp\htdocs\arinsifashion\admin\view\template\module\so_category_slider.tpl on line 288
2016-08-18 21:39:55 - PHP Notice:  Undefined variable: cat_id in C:\xampp\htdocs\arinsifashion\admin\view\template\module\so_category_slider.tpl on line 288
2016-08-18 21:39:55 - PHP Notice:  Undefined variable: footer in C:\xampp\htdocs\arinsifashion\admin\view\template\module\so_category_slider.tpl on line 1128
2016-08-18 21:39:56 - PHP Notice:  Undefined variable: cat_id in C:\xampp\htdocs\arinsifashion\admin\view\template\module\so_category_slider.tpl on line 288
2016-08-18 21:39:56 - PHP Notice:  Undefined variable: cat_id in C:\xampp\htdocs\arinsifashion\admin\view\template\module\so_category_slider.tpl on line 288
2016-08-18 21:39:56 - PHP Notice:  Undefined variable: cat_id in C:\xampp\htdocs\arinsifashion\admin\view\template\module\so_category_slider.tpl on line 288
2016-08-18 21:39:56 - PHP Notice:  Undefined variable: cat_id in C:\xampp\htdocs\arinsifashion\admin\view\template\module\so_category_slider.tpl on line 288
2016-08-18 21:39:56 - PHP Notice:  Undefined variable: cat_id in C:\xampp\htdocs\arinsifashion\admin\view\template\module\so_category_slider.tpl on line 288
2016-08-18 21:39:56 - PHP Notice:  Undefined variable: cat_id in C:\xampp\htdocs\arinsifashion\admin\view\template\module\so_category_slider.tpl on line 288
2016-08-18 21:39:56 - PHP Notice:  Undefined variable: cat_id in C:\xampp\htdocs\arinsifashion\admin\view\template\module\so_category_slider.tpl on line 288
2016-08-18 21:39:56 - PHP Notice:  Undefined variable: cat_id in C:\xampp\htdocs\arinsifashion\admin\view\template\module\so_category_slider.tpl on line 288
2016-08-18 21:39:56 - PHP Notice:  Undefined variable: cat_id in C:\xampp\htdocs\arinsifashion\admin\view\template\module\so_category_slider.tpl on line 288
2016-08-18 21:39:56 - PHP Notice:  Undefined variable: cat_id in C:\xampp\htdocs\arinsifashion\admin\view\template\module\so_category_slider.tpl on line 288
2016-08-18 21:39:56 - PHP Notice:  Undefined variable: cat_id in C:\xampp\htdocs\arinsifashion\admin\view\template\module\so_category_slider.tpl on line 288
2016-08-18 21:39:56 - PHP Notice:  Undefined variable: cat_id in C:\xampp\htdocs\arinsifashion\admin\view\template\module\so_category_slider.tpl on line 288
2016-08-18 21:39:56 - PHP Notice:  Undefined variable: cat_id in C:\xampp\htdocs\arinsifashion\admin\view\template\module\so_category_slider.tpl on line 288
2016-08-18 21:39:56 - PHP Notice:  Undefined variable: cat_id in C:\xampp\htdocs\arinsifashion\admin\view\template\module\so_category_slider.tpl on line 288
2016-08-18 21:39:56 - PHP Notice:  Undefined variable: cat_id in C:\xampp\htdocs\arinsifashion\admin\view\template\module\so_category_slider.tpl on line 288
2016-08-18 21:39:56 - PHP Notice:  Undefined variable: cat_id in C:\xampp\htdocs\arinsifashion\admin\view\template\module\so_category_slider.tpl on line 288
2016-08-18 21:39:56 - PHP Notice:  Undefined variable: cat_id in C:\xampp\htdocs\arinsifashion\admin\view\template\module\so_category_slider.tpl on line 288
2016-08-18 21:39:56 - PHP Notice:  Undefined variable: cat_id in C:\xampp\htdocs\arinsifashion\admin\view\template\module\so_category_slider.tpl on line 288
2016-08-18 21:39:56 - PHP Notice:  Undefined variable: cat_id in C:\xampp\htdocs\arinsifashion\admin\view\template\module\so_category_slider.tpl on line 288
2016-08-18 21:39:56 - PHP Notice:  Undefined variable: cat_id in C:\xampp\htdocs\arinsifashion\admin\view\template\module\so_category_slider.tpl on line 288
2016-08-18 21:39:56 - PHP Notice:  Undefined variable: cat_id in C:\xampp\htdocs\arinsifashion\admin\view\template\module\so_category_slider.tpl on line 288
2016-08-18 21:39:56 - PHP Notice:  Undefined variable: cat_id in C:\xampp\htdocs\arinsifashion\admin\view\template\module\so_category_slider.tpl on line 288
2016-08-18 21:39:56 - PHP Notice:  Undefined variable: cat_id in C:\xampp\htdocs\arinsifashion\admin\view\template\module\so_category_slider.tpl on line 288
2016-08-18 21:39:56 - PHP Notice:  Undefined variable: cat_id in C:\xampp\htdocs\arinsifashion\admin\view\template\module\so_category_slider.tpl on line 288
2016-08-18 21:39:56 - PHP Notice:  Undefined variable: cat_id in C:\xampp\htdocs\arinsifashion\admin\view\template\module\so_category_slider.tpl on line 288
2016-08-18 21:39:56 - PHP Notice:  Undefined variable: cat_id in C:\xampp\htdocs\arinsifashion\admin\view\template\module\so_category_slider.tpl on line 288
2016-08-18 21:39:56 - PHP Notice:  Undefined variable: cat_id in C:\xampp\htdocs\arinsifashion\admin\view\template\module\so_category_slider.tpl on line 288
2016-08-18 21:39:56 - PHP Notice:  Undefined variable: cat_id in C:\xampp\htdocs\arinsifashion\admin\view\template\module\so_category_slider.tpl on line 288
2016-08-18 21:39:56 - PHP Notice:  Undefined variable: cat_id in C:\xampp\htdocs\arinsifashion\admin\view\template\module\so_category_slider.tpl on line 288
2016-08-18 21:39:56 - PHP Notice:  Undefined variable: cat_id in C:\xampp\htdocs\arinsifashion\admin\view\template\module\so_category_slider.tpl on line 288
2016-08-18 21:39:56 - PHP Notice:  Undefined variable: cat_id in C:\xampp\htdocs\arinsifashion\admin\view\template\module\so_category_slider.tpl on line 288
2016-08-18 21:39:56 - PHP Notice:  Undefined variable: cat_id in C:\xampp\htdocs\arinsifashion\admin\view\template\module\so_category_slider.tpl on line 288
2016-08-18 21:39:56 - PHP Notice:  Undefined variable: cat_id in C:\xampp\htdocs\arinsifashion\admin\view\template\module\so_category_slider.tpl on line 288
2016-08-18 21:39:56 - PHP Notice:  Undefined variable: cat_id in C:\xampp\htdocs\arinsifashion\admin\view\template\module\so_category_slider.tpl on line 288
2016-08-18 21:39:56 - PHP Notice:  Undefined variable: cat_id in C:\xampp\htdocs\arinsifashion\admin\view\template\module\so_category_slider.tpl on line 288
2016-08-18 21:39:56 - PHP Notice:  Undefined variable: cat_id in C:\xampp\htdocs\arinsifashion\admin\view\template\module\so_category_slider.tpl on line 288
2016-08-18 21:39:56 - PHP Notice:  Undefined variable: cat_id in C:\xampp\htdocs\arinsifashion\admin\view\template\module\so_category_slider.tpl on line 288
2016-08-18 21:39:56 - PHP Notice:  Undefined variable: cat_id in C:\xampp\htdocs\arinsifashion\admin\view\template\module\so_category_slider.tpl on line 288
2016-08-18 21:39:56 - PHP Notice:  Undefined variable: cat_id in C:\xampp\htdocs\arinsifashion\admin\view\template\module\so_category_slider.tpl on line 288
2016-08-18 21:39:56 - PHP Notice:  Undefined variable: cat_id in C:\xampp\htdocs\arinsifashion\admin\view\template\module\so_category_slider.tpl on line 288
2016-08-18 21:39:56 - PHP Notice:  Undefined variable: cat_id in C:\xampp\htdocs\arinsifashion\admin\view\template\module\so_category_slider.tpl on line 288
2016-08-18 21:39:56 - PHP Notice:  Undefined variable: cat_id in C:\xampp\htdocs\arinsifashion\admin\view\template\module\so_category_slider.tpl on line 288
2016-08-18 21:39:56 - PHP Notice:  Undefined variable: cat_id in C:\xampp\htdocs\arinsifashion\admin\view\template\module\so_category_slider.tpl on line 288
2016-08-18 21:39:56 - PHP Notice:  Undefined variable: cat_id in C:\xampp\htdocs\arinsifashion\admin\view\template\module\so_category_slider.tpl on line 288
2016-08-18 21:39:56 - PHP Notice:  Undefined variable: cat_id in C:\xampp\htdocs\arinsifashion\admin\view\template\module\so_category_slider.tpl on line 288
2016-08-18 21:39:56 - PHP Notice:  Undefined variable: cat_id in C:\xampp\htdocs\arinsifashion\admin\view\template\module\so_category_slider.tpl on line 288
2016-08-18 21:39:56 - PHP Notice:  Undefined variable: cat_id in C:\xampp\htdocs\arinsifashion\admin\view\template\module\so_category_slider.tpl on line 288
2016-08-18 21:39:56 - PHP Notice:  Undefined variable: cat_id in C:\xampp\htdocs\arinsifashion\admin\view\template\module\so_category_slider.tpl on line 288
2016-08-18 21:39:56 - PHP Notice:  Undefined variable: cat_id in C:\xampp\htdocs\arinsifashion\admin\view\template\module\so_category_slider.tpl on line 288
2016-08-18 21:39:56 - PHP Notice:  Undefined variable: cat_id in C:\xampp\htdocs\arinsifashion\admin\view\template\module\so_category_slider.tpl on line 288
2016-08-18 21:39:56 - PHP Notice:  Undefined variable: cat_id in C:\xampp\htdocs\arinsifashion\admin\view\template\module\so_category_slider.tpl on line 288
2016-08-18 21:39:56 - PHP Notice:  Undefined variable: cat_id in C:\xampp\htdocs\arinsifashion\admin\view\template\module\so_category_slider.tpl on line 288
2016-08-18 21:39:56 - PHP Notice:  Undefined variable: cat_id in C:\xampp\htdocs\arinsifashion\admin\view\template\module\so_category_slider.tpl on line 288
2016-08-18 21:39:56 - PHP Notice:  Undefined variable: cat_id in C:\xampp\htdocs\arinsifashion\admin\view\template\module\so_category_slider.tpl on line 288
2016-08-18 21:39:56 - PHP Notice:  Undefined variable: cat_id in C:\xampp\htdocs\arinsifashion\admin\view\template\module\so_category_slider.tpl on line 288
2016-08-18 21:39:56 - PHP Notice:  Undefined variable: cat_id in C:\xampp\htdocs\arinsifashion\admin\view\template\module\so_category_slider.tpl on line 288
2016-08-18 21:39:56 - PHP Notice:  Undefined variable: cat_id in C:\xampp\htdocs\arinsifashion\admin\view\template\module\so_category_slider.tpl on line 288
2016-08-18 21:39:56 - PHP Notice:  Undefined variable: cat_id in C:\xampp\htdocs\arinsifashion\admin\view\template\module\so_category_slider.tpl on line 288
2016-08-18 21:39:56 - PHP Notice:  Undefined variable: cat_id in C:\xampp\htdocs\arinsifashion\admin\view\template\module\so_category_slider.tpl on line 288
2016-08-18 21:39:56 - PHP Notice:  Undefined variable: cat_id in C:\xampp\htdocs\arinsifashion\admin\view\template\module\so_category_slider.tpl on line 288
2016-08-18 21:39:56 - PHP Notice:  Undefined variable: cat_id in C:\xampp\htdocs\arinsifashion\admin\view\template\module\so_category_slider.tpl on line 288
2016-08-18 23:21:41 - PHP Notice:  Undefined index: sort_order in C:\xampp\htdocs\arinsifashion\admin\model\design\banner.php on line 12
2016-08-18 23:21:41 - PHP Notice:  Undefined index: sort_order in C:\xampp\htdocs\arinsifashion\admin\model\design\banner.php on line 12
2016-08-18 23:21:41 - PHP Notice:  Undefined index: sort_order in C:\xampp\htdocs\arinsifashion\admin\model\design\banner.php on line 12
2016-08-18 23:43:37 - PHP Notice:  Undefined index: sort_order in C:\xampp\htdocs\arinsifashion\admin\model\design\banner.php on line 37
2016-08-23 17:48:34 - PHP Notice:  Undefined variable: product in C:\xampp\htdocs\arinsifashion\catalog\view\theme\so-shoppystore2\template\product\product.tpl on line 460
2016-08-23 17:48:34 - PHP Notice:  Undefined variable: product in C:\xampp\htdocs\arinsifashion\catalog\view\theme\so-shoppystore2\template\product\product.tpl on line 460
2016-08-23 19:35:58 - PHP Notice:  Undefined variable: product in C:\xampp\htdocs\arinsifashion\catalog\view\theme\so-shoppystore2\template\product\product.tpl on line 460
2016-08-23 19:36:56 - PHP Notice:  Undefined variable: product in C:\xampp\htdocs\arinsifashion\catalog\view\theme\so-shoppystore2\template\product\product.tpl on line 457
2016-08-23 21:25:53 - PHP Notice:  Error: Table 'so-shoppystore.oc_country' doesn't exist<br />Error No: 1146<br />SELECT * FROM oc_country WHERE status = '1' ORDER BY name ASC in C:\xampp\htdocs\arinsifashion\system\library\db\mysqli.php on line 41
2016-08-23 21:25:53 - PHP Notice:  Trying to get property of non-object in C:\xampp\htdocs\arinsifashion\catalog\model\localisation\country.php on line 15
2016-08-23 21:25:54 - PHP Warning:  Invalid argument supplied for foreach() in C:\xampp\htdocs\arinsifashion\catalog\view\theme\so-shoppystore2\template\account\register.tpl on line 287
2016-08-23 21:25:58 - PHP Notice:  Error: Table 'so-shoppystore.oc_country' doesn't exist<br />Error No: 1146<br />SELECT * FROM oc_country WHERE status = '1' ORDER BY name ASC in C:\xampp\htdocs\arinsifashion\system\library\db\mysqli.php on line 41
2016-08-23 21:25:58 - PHP Notice:  Trying to get property of non-object in C:\xampp\htdocs\arinsifashion\catalog\model\localisation\country.php on line 15
2016-08-23 21:25:58 - PHP Warning:  Invalid argument supplied for foreach() in C:\xampp\htdocs\arinsifashion\catalog\view\theme\so-shoppystore2\template\account\register.tpl on line 287
2016-08-23 21:26:02 - PHP Notice:  Error: Table 'so-shoppystore.oc_country' doesn't exist<br />Error No: 1146<br />SELECT * FROM oc_country WHERE status = '1' ORDER BY name ASC in C:\xampp\htdocs\arinsifashion\system\library\db\mysqli.php on line 41
2016-08-23 21:26:02 - PHP Notice:  Trying to get property of non-object in C:\xampp\htdocs\arinsifashion\catalog\model\localisation\country.php on line 15
2016-08-23 21:26:02 - PHP Warning:  Invalid argument supplied for foreach() in C:\xampp\htdocs\arinsifashion\catalog\view\theme\so-shoppystore2\template\account\register.tpl on line 287
2016-08-23 21:26:11 - PHP Notice:  Error: Table 'so-shoppystore.oc_country' doesn't exist<br />Error No: 1146<br />SELECT * FROM oc_country WHERE status = '1' ORDER BY name ASC in C:\xampp\htdocs\arinsifashion\system\library\db\mysqli.php on line 41
2016-08-23 21:26:11 - PHP Notice:  Trying to get property of non-object in C:\xampp\htdocs\arinsifashion\catalog\model\localisation\country.php on line 15
2016-08-23 21:26:12 - PHP Warning:  Invalid argument supplied for foreach() in C:\xampp\htdocs\arinsifashion\catalog\view\theme\so-shoppystore2\template\account\register.tpl on line 287
2016-08-23 21:28:24 - PHP Notice:  Error: Table 'so-shoppystore.oc_country' doesn't exist<br />Error No: 1146<br />SELECT * FROM oc_country WHERE status = '1' ORDER BY name ASC in C:\xampp\htdocs\arinsifashion\system\library\db\mysqli.php on line 41
2016-08-23 21:28:24 - PHP Notice:  Trying to get property of non-object in C:\xampp\htdocs\arinsifashion\catalog\model\localisation\country.php on line 15
2016-08-23 21:28:25 - PHP Warning:  Invalid argument supplied for foreach() in C:\xampp\htdocs\arinsifashion\catalog\view\theme\so-shoppystore2\template\account\register.tpl on line 287
2016-08-23 21:28:27 - PHP Notice:  Error: Table 'so-shoppystore.oc_country' doesn't exist<br />Error No: 1146<br />SELECT * FROM oc_country WHERE status = '1' ORDER BY name ASC in C:\xampp\htdocs\arinsifashion\system\library\db\mysqli.php on line 41
2016-08-23 21:28:27 - PHP Notice:  Trying to get property of non-object in C:\xampp\htdocs\arinsifashion\catalog\model\localisation\country.php on line 15
2016-08-23 21:28:27 - PHP Warning:  Invalid argument supplied for foreach() in C:\xampp\htdocs\arinsifashion\catalog\view\theme\so-shoppystore2\template\account\register.tpl on line 287
2016-08-23 21:47:09 - PHP Notice:  Undefined variable: zones in C:\xampp\htdocs\arinsifashion\admin\view\template\customer\customer_form.tpl on line 404
2016-08-23 21:47:09 - PHP Warning:  Invalid argument supplied for foreach() in C:\xampp\htdocs\arinsifashion\admin\view\template\customer\customer_form.tpl on line 404
2016-08-23 21:56:34 - PHP Notice:  Error: Table 'so-shoppystore.oc_zone_to_geo_zone' doesn't exist<br />Error No: 1146<br />SELECT tr1.tax_class_id, tr2.tax_rate_id, tr2.name, tr2.rate, tr2.type, tr1.priority FROM oc_tax_rule tr1 LEFT JOIN oc_tax_rate tr2 ON (tr1.tax_rate_id = tr2.tax_rate_id) INNER JOIN oc_tax_rate_to_customer_group tr2cg ON (tr2.tax_rate_id = tr2cg.tax_rate_id) LEFT JOIN oc_zone_to_geo_zone z2gz ON (tr2.geo_zone_id = z2gz.geo_zone_id) LEFT JOIN oc_geo_zone gz ON (tr2.geo_zone_id = gz.geo_zone_id) WHERE tr1.based = 'shipping' AND tr2cg.customer_group_id = '1' AND z2gz.country_id = '100' AND (z2gz.zone_id = '0' OR z2gz.zone_id = '1529') ORDER BY tr1.priority ASC in C:\xampp\htdocs\arinsifashion\system\library\db\mysqli.php on line 41
2016-08-23 21:56:34 - PHP Notice:  Trying to get property of non-object in C:\xampp\htdocs\arinsifashion\system\library\tax.php on line 28
2016-08-23 21:56:34 - PHP Warning:  Invalid argument supplied for foreach() in C:\xampp\htdocs\arinsifashion\system\library\tax.php on line 28
2016-08-23 21:56:34 - PHP Notice:  Error: Table 'so-shoppystore.oc_zone_to_geo_zone' doesn't exist<br />Error No: 1146<br />SELECT tr1.tax_class_id, tr2.tax_rate_id, tr2.name, tr2.rate, tr2.type, tr1.priority FROM oc_tax_rule tr1 LEFT JOIN oc_tax_rate tr2 ON (tr1.tax_rate_id = tr2.tax_rate_id) INNER JOIN oc_tax_rate_to_customer_group tr2cg ON (tr2.tax_rate_id = tr2cg.tax_rate_id) LEFT JOIN oc_zone_to_geo_zone z2gz ON (tr2.geo_zone_id = z2gz.geo_zone_id) LEFT JOIN oc_geo_zone gz ON (tr2.geo_zone_id = gz.geo_zone_id) WHERE tr1.based = 'store' AND tr2cg.customer_group_id = '1' AND z2gz.country_id = '100' AND (z2gz.zone_id = '0' OR z2gz.zone_id = '1529') ORDER BY tr1.priority ASC in C:\xampp\htdocs\arinsifashion\system\library\db\mysqli.php on line 41
2016-08-23 21:56:34 - PHP Notice:  Trying to get property of non-object in C:\xampp\htdocs\arinsifashion\system\library\tax.php on line 56
2016-08-23 21:56:34 - PHP Warning:  Invalid argument supplied for foreach() in C:\xampp\htdocs\arinsifashion\system\library\tax.php on line 56
2016-08-23 23:58:24 - PHP Notice:  Undefined variable: zones in C:\xampp\htdocs\arinsifashion\admin\view\template\customer\customer_form.tpl on line 404
2016-08-23 23:58:24 - PHP Warning:  Invalid argument supplied for foreach() in C:\xampp\htdocs\arinsifashion\admin\view\template\customer\customer_form.tpl on line 404
2016-08-24 15:40:12 - PHP Warning:  unlink(C:/xampp/htdocs/arinsifashion/system/storage/cache/cache.product.latest.1.0.1.4.1472032167): No such file or directory in C:\xampp\htdocs\arinsifashion\system\library\cache\file.php on line 17
2016-08-24 15:48:04 - PHP Notice:  Undefined variable: zones in C:\xampp\htdocs\arinsifashion\catalog\view\theme\default\template\account\register.tpl on line 287
2016-08-24 15:48:04 - PHP Warning:  Invalid argument supplied for foreach() in C:\xampp\htdocs\arinsifashion\catalog\view\theme\default\template\account\register.tpl on line 287
2016-08-24 15:50:57 - PHP Notice:  Undefined variable: zones in C:\xampp\htdocs\arinsifashion\catalog\view\theme\so-shoppystore2\template\account\register.tpl on line 287
2016-08-24 15:50:57 - PHP Warning:  Invalid argument supplied for foreach() in C:\xampp\htdocs\arinsifashion\catalog\view\theme\so-shoppystore2\template\account\register.tpl on line 287
2016-08-24 15:51:32 - PHP Notice:  Undefined variable: zones in C:\xampp\htdocs\arinsifashion\catalog\view\theme\so-shoppystore2\template\account\register.tpl on line 287
2016-08-24 15:51:32 - PHP Warning:  Invalid argument supplied for foreach() in C:\xampp\htdocs\arinsifashion\catalog\view\theme\so-shoppystore2\template\account\register.tpl on line 287
2016-09-01 9:56:52 - PHP Notice:  Undefined variable: button_save in C:\xampp\htdocs\arinsifashion\admin\view\template\module\advancedlogin.tpl on line 8
2016-09-01 9:56:52 - PHP Notice:  Undefined variable: cancel in C:\xampp\htdocs\arinsifashion\admin\view\template\module\advancedlogin.tpl on line 9
2016-09-01 9:56:52 - PHP Notice:  Undefined variable: button_cancel in C:\xampp\htdocs\arinsifashion\admin\view\template\module\advancedlogin.tpl on line 9
2016-09-01 9:56:52 - PHP Notice:  Undefined variable: title in C:\xampp\htdocs\arinsifashion\admin\view\template\module\advancedlogin.tpl on line 10
2016-09-01 9:56:52 - PHP Notice:  Undefined variable: breadcrumbs in C:\xampp\htdocs\arinsifashion\admin\view\template\module\advancedlogin.tpl on line 12
2016-09-01 9:56:52 - PHP Warning:  Invalid argument supplied for foreach() in C:\xampp\htdocs\arinsifashion\admin\view\template\module\advancedlogin.tpl on line 12
2016-09-01 9:56:52 - PHP Notice:  Undefined variable: error_warning in C:\xampp\htdocs\arinsifashion\admin\view\template\module\advancedlogin.tpl on line 19
2016-09-01 9:56:52 - PHP Notice:  Undefined variable: heading_title2 in C:\xampp\htdocs\arinsifashion\admin\view\template\module\advancedlogin.tpl on line 26
2016-09-01 9:56:52 - PHP Notice:  Undefined variable: action in C:\xampp\htdocs\arinsifashion\admin\view\template\module\advancedlogin.tpl on line 29
2016-09-01 9:56:52 - PHP Notice:  Undefined variable: languages in C:\xampp\htdocs\arinsifashion\admin\view\template\module\advancedlogin.tpl on line 942
2016-09-01 9:56:52 - PHP Warning:  Invalid argument supplied for foreach() in C:\xampp\htdocs\arinsifashion\admin\view\template\module\advancedlogin.tpl on line 942
2016-09-01 9:57:45 - PHP Notice:  Undefined variable: button_save in C:\xampp\htdocs\arinsifashion\admin\view\template\module\advancedlogin.tpl on line 8
2016-09-01 9:57:45 - PHP Notice:  Undefined variable: cancel in C:\xampp\htdocs\arinsifashion\admin\view\template\module\advancedlogin.tpl on line 9
2016-09-01 9:57:45 - PHP Notice:  Undefined variable: button_cancel in C:\xampp\htdocs\arinsifashion\admin\view\template\module\advancedlogin.tpl on line 9
2016-09-01 9:57:45 - PHP Notice:  Undefined variable: title in C:\xampp\htdocs\arinsifashion\admin\view\template\module\advancedlogin.tpl on line 10
2016-09-01 9:57:45 - PHP Notice:  Undefined variable: breadcrumbs in C:\xampp\htdocs\arinsifashion\admin\view\template\module\advancedlogin.tpl on line 12
2016-09-01 9:57:45 - PHP Warning:  Invalid argument supplied for foreach() in C:\xampp\htdocs\arinsifashion\admin\view\template\module\advancedlogin.tpl on line 12
2016-09-01 9:57:45 - PHP Notice:  Undefined variable: error_warning in C:\xampp\htdocs\arinsifashion\admin\view\template\module\advancedlogin.tpl on line 19
2016-09-01 9:57:45 - PHP Notice:  Undefined variable: heading_title2 in C:\xampp\htdocs\arinsifashion\admin\view\template\module\advancedlogin.tpl on line 26
2016-09-01 9:57:45 - PHP Notice:  Undefined variable: action in C:\xampp\htdocs\arinsifashion\admin\view\template\module\advancedlogin.tpl on line 29
2016-09-01 9:57:45 - PHP Notice:  Undefined variable: languages in C:\xampp\htdocs\arinsifashion\admin\view\template\module\advancedlogin.tpl on line 942
2016-09-01 9:57:45 - PHP Warning:  Invalid argument supplied for foreach() in C:\xampp\htdocs\arinsifashion\admin\view\template\module\advancedlogin.tpl on line 942
2016-09-01 9:57:52 - PHP Notice:  Undefined variable: button_save in C:\xampp\htdocs\arinsifashion\admin\view\template\module\advancedlogin.tpl on line 8
2016-09-01 9:57:52 - PHP Notice:  Undefined variable: cancel in C:\xampp\htdocs\arinsifashion\admin\view\template\module\advancedlogin.tpl on line 9
2016-09-01 9:57:52 - PHP Notice:  Undefined variable: button_cancel in C:\xampp\htdocs\arinsifashion\admin\view\template\module\advancedlogin.tpl on line 9
2016-09-01 9:57:52 - PHP Notice:  Undefined variable: title in C:\xampp\htdocs\arinsifashion\admin\view\template\module\advancedlogin.tpl on line 10
2016-09-01 9:57:52 - PHP Notice:  Undefined variable: breadcrumbs in C:\xampp\htdocs\arinsifashion\admin\view\template\module\advancedlogin.tpl on line 12
2016-09-01 9:57:52 - PHP Warning:  Invalid argument supplied for foreach() in C:\xampp\htdocs\arinsifashion\admin\view\template\module\advancedlogin.tpl on line 12
2016-09-01 9:57:52 - PHP Notice:  Undefined variable: error_warning in C:\xampp\htdocs\arinsifashion\admin\view\template\module\advancedlogin.tpl on line 19
2016-09-01 9:57:52 - PHP Notice:  Undefined variable: heading_title2 in C:\xampp\htdocs\arinsifashion\admin\view\template\module\advancedlogin.tpl on line 26
2016-09-01 9:57:52 - PHP Notice:  Undefined variable: action in C:\xampp\htdocs\arinsifashion\admin\view\template\module\advancedlogin.tpl on line 29
2016-09-01 9:57:52 - PHP Notice:  Undefined variable: languages in C:\xampp\htdocs\arinsifashion\admin\view\template\module\advancedlogin.tpl on line 942
2016-09-01 9:57:52 - PHP Warning:  Invalid argument supplied for foreach() in C:\xampp\htdocs\arinsifashion\admin\view\template\module\advancedlogin.tpl on line 942
2016-09-01 9:58:35 - PHP Notice:  Undefined variable: button_save in C:\xampp\htdocs\arinsifashion\admin\view\template\module\advancedlogin.tpl on line 8
2016-09-01 9:58:35 - PHP Notice:  Undefined variable: cancel in C:\xampp\htdocs\arinsifashion\admin\view\template\module\advancedlogin.tpl on line 9
2016-09-01 9:58:35 - PHP Notice:  Undefined variable: button_cancel in C:\xampp\htdocs\arinsifashion\admin\view\template\module\advancedlogin.tpl on line 9
2016-09-01 9:58:35 - PHP Notice:  Undefined variable: title in C:\xampp\htdocs\arinsifashion\admin\view\template\module\advancedlogin.tpl on line 10
2016-09-01 9:58:35 - PHP Notice:  Undefined variable: breadcrumbs in C:\xampp\htdocs\arinsifashion\admin\view\template\module\advancedlogin.tpl on line 12
2016-09-01 9:58:35 - PHP Warning:  Invalid argument supplied for foreach() in C:\xampp\htdocs\arinsifashion\admin\view\template\module\advancedlogin.tpl on line 12
2016-09-01 9:58:35 - PHP Notice:  Undefined variable: error_warning in C:\xampp\htdocs\arinsifashion\admin\view\template\module\advancedlogin.tpl on line 19
2016-09-01 9:58:35 - PHP Notice:  Undefined variable: heading_title2 in C:\xampp\htdocs\arinsifashion\admin\view\template\module\advancedlogin.tpl on line 26
2016-09-01 9:58:35 - PHP Notice:  Undefined variable: action in C:\xampp\htdocs\arinsifashion\admin\view\template\module\advancedlogin.tpl on line 29
2016-09-01 9:58:35 - PHP Notice:  Undefined variable: languages in C:\xampp\htdocs\arinsifashion\admin\view\template\module\advancedlogin.tpl on line 942
2016-09-01 9:58:35 - PHP Warning:  Invalid argument supplied for foreach() in C:\xampp\htdocs\arinsifashion\admin\view\template\module\advancedlogin.tpl on line 942
2016-09-01 9:58:39 - PHP Notice:  Undefined variable: button_save in C:\xampp\htdocs\arinsifashion\admin\view\template\module\advancedlogin.tpl on line 8
2016-09-01 9:58:39 - PHP Notice:  Undefined variable: cancel in C:\xampp\htdocs\arinsifashion\admin\view\template\module\advancedlogin.tpl on line 9
2016-09-01 9:58:39 - PHP Notice:  Undefined variable: button_cancel in C:\xampp\htdocs\arinsifashion\admin\view\template\module\advancedlogin.tpl on line 9
2016-09-01 9:58:39 - PHP Notice:  Undefined variable: title in C:\xampp\htdocs\arinsifashion\admin\view\template\module\advancedlogin.tpl on line 10
2016-09-01 9:58:39 - PHP Notice:  Undefined variable: breadcrumbs in C:\xampp\htdocs\arinsifashion\admin\view\template\module\advancedlogin.tpl on line 12
2016-09-01 9:58:39 - PHP Warning:  Invalid argument supplied for foreach() in C:\xampp\htdocs\arinsifashion\admin\view\template\module\advancedlogin.tpl on line 12
2016-09-01 9:58:39 - PHP Notice:  Undefined variable: error_warning in C:\xampp\htdocs\arinsifashion\admin\view\template\module\advancedlogin.tpl on line 19
2016-09-01 9:58:39 - PHP Notice:  Undefined variable: heading_title2 in C:\xampp\htdocs\arinsifashion\admin\view\template\module\advancedlogin.tpl on line 26
2016-09-01 9:58:39 - PHP Notice:  Undefined variable: action in C:\xampp\htdocs\arinsifashion\admin\view\template\module\advancedlogin.tpl on line 29
2016-09-01 9:58:39 - PHP Notice:  Undefined variable: languages in C:\xampp\htdocs\arinsifashion\admin\view\template\module\advancedlogin.tpl on line 942
2016-09-01 9:58:39 - PHP Warning:  Invalid argument supplied for foreach() in C:\xampp\htdocs\arinsifashion\admin\view\template\module\advancedlogin.tpl on line 942
2016-09-01 9:58:47 - PHP Notice:  Undefined variable: button_save in C:\xampp\htdocs\arinsifashion\admin\view\template\module\advancedlogin.tpl on line 8
2016-09-01 9:58:47 - PHP Notice:  Undefined variable: cancel in C:\xampp\htdocs\arinsifashion\admin\view\template\module\advancedlogin.tpl on line 9
2016-09-01 9:58:47 - PHP Notice:  Undefined variable: button_cancel in C:\xampp\htdocs\arinsifashion\admin\view\template\module\advancedlogin.tpl on line 9
2016-09-01 9:58:47 - PHP Notice:  Undefined variable: title in C:\xampp\htdocs\arinsifashion\admin\view\template\module\advancedlogin.tpl on line 10
2016-09-01 9:58:47 - PHP Notice:  Undefined variable: breadcrumbs in C:\xampp\htdocs\arinsifashion\admin\view\template\module\advancedlogin.tpl on line 12
2016-09-01 9:58:47 - PHP Warning:  Invalid argument supplied for foreach() in C:\xampp\htdocs\arinsifashion\admin\view\template\module\advancedlogin.tpl on line 12
2016-09-01 9:58:47 - PHP Notice:  Undefined variable: error_warning in C:\xampp\htdocs\arinsifashion\admin\view\template\module\advancedlogin.tpl on line 19
2016-09-01 9:58:47 - PHP Notice:  Undefined variable: heading_title2 in C:\xampp\htdocs\arinsifashion\admin\view\template\module\advancedlogin.tpl on line 26
2016-09-01 9:58:47 - PHP Notice:  Undefined variable: action in C:\xampp\htdocs\arinsifashion\admin\view\template\module\advancedlogin.tpl on line 29
2016-09-01 9:58:47 - PHP Notice:  Undefined variable: languages in C:\xampp\htdocs\arinsifashion\admin\view\template\module\advancedlogin.tpl on line 942
2016-09-01 9:58:47 - PHP Warning:  Invalid argument supplied for foreach() in C:\xampp\htdocs\arinsifashion\admin\view\template\module\advancedlogin.tpl on line 942
2016-09-01 10:00:12 - PHP Notice:  Undefined variable: zones in C:\xampp\htdocs\arinsifashion\catalog\view\theme\so-shoppystore2\template\account\register.tpl on line 287
2016-09-01 10:00:12 - PHP Warning:  Invalid argument supplied for foreach() in C:\xampp\htdocs\arinsifashion\catalog\view\theme\so-shoppystore2\template\account\register.tpl on line 287
2016-09-01 10:02:58 - PHP Notice:  Undefined variable: zones in C:\xampp\htdocs\arinsifashion\admin\view\template\customer\customer_form.tpl on line 404
2016-09-01 10:02:58 - PHP Warning:  Invalid argument supplied for foreach() in C:\xampp\htdocs\arinsifashion\admin\view\template\customer\customer_form.tpl on line 404
