---------- Date: 2015-12-29 02:51:56 ~ IP : ::1 ----------
REQUEST URI : /ytc_templates/opencart/placehoder/so_shoppystore/
MOD DETAILS:
   modFile   : D:\xampp\htdocs\ytc_templates\opencart\placehoder\so_shoppystore\vqmod/xml/cookie_low.xml
   id        : EU Cookie Law - top, bottom, floating
   version   : 
   vqmver    : 2.X
   author    : arveo
VQModObject::parseMods - Could not resolve path for [catalog/language/hungarian/common/footer.php] (SKIPPED)
VQModObject::parseMods - Could not resolve path for [admin/language/hungarian/setting/setting.php] (SKIPPED)

----------------------------------------------------------------------


---------- Date: 2015-12-29 02:58:44 ~ IP : ::1 ----------
REQUEST URI : /ytc_templates/opencart/placehoder/so_shoppystore/
MOD DETAILS:
   modFile   : D:\xampp\htdocs\ytc_templates\opencart\placehoder\so_shoppystore\vqmod/xml/cookie_low.xml
   id        : EU Cookie Law - top, bottom, floating
   version   : 
   vqmver    : 2.X
   author    : arveo
VQModObject::parseMods - Could not resolve path for [catalog/language/hungarian/common/footer.php] (SKIPPED)
VQModObject::parseMods - Could not resolve path for [admin/language/hungarian/setting/setting.php] (SKIPPED)

----------------------------------------------------------------------


---------- Date: 2015-12-29 03:44:54 ~ IP : 192.168.1.15 ----------
REQUEST URI : /ytc_templates/opencart/so_shoppystore/
MOD DETAILS:
   modFile   : D:\xampp\htdocs\ytc_templates\opencart\so_shoppystore\vqmod/xml/cookie_low.xml
   id        : EU Cookie Law - top, bottom, floating
   version   : 
   vqmver    : 2.X
   author    : arveo
VQModObject::parseMods - Could not resolve path for [catalog/language/hungarian/common/footer.php] (SKIPPED)
VQModObject::parseMods - Could not resolve path for [admin/language/hungarian/setting/setting.php] (SKIPPED)

----------------------------------------------------------------------


---------- Date: 2015-12-29 12:00:08 ~ IP : ::1 ----------
REQUEST URI : /ytc_templates/opencart/placehoder/so_shoppystore/
MOD DETAILS:
   modFile   : D:\xampp\htdocs\ytc_templates\opencart\placehoder\so_shoppystore\vqmod/xml/cookie_low.xml
   id        : EU Cookie Law - top, bottom, floating
   version   : 
   vqmver    : 2.X
   author    : arveo
VQModObject::parseMods - Could not resolve path for [catalog/language/hungarian/common/footer.php] (SKIPPED)
VQModObject::parseMods - Could not resolve path for [admin/language/hungarian/setting/setting.php] (SKIPPED)

----------------------------------------------------------------------


