---------- Date: 2016-08-10 08:51:43 ~ IP : ::1 ----------
REQUEST URI : /arinsifashion/admin/
MOD DETAILS:
   modFile   : C:\xampp\htdocs\arinsifashion\vqmod/xml/cookie_low.xml
   id        : EU Cookie Law - top, bottom, floating
   version   : 
   vqmver    : 2.X
   author    : arveo
VQModObject::parseMods - Could not resolve path for [catalog/language/hungarian/common/footer.php] (SKIPPED)
VQModObject::parseMods - Could not resolve path for [admin/language/hungarian/setting/setting.php] (SKIPPED)

----------------------------------------------------------------------


---------- Date: 2016-08-10 20:00:24 ~ IP : ::1 ----------
REQUEST URI : /arinsifashion/
MOD DETAILS:
   modFile   : C:\xampp\htdocs\arinsifashion\vqmod/xml/cookie_low.xml
   id        : EU Cookie Law - top, bottom, floating
   version   : 
   vqmver    : 2.X
   author    : arveo
VQModObject::parseMods - Could not resolve path for [catalog/language/hungarian/common/footer.php] (SKIPPED)
VQModObject::parseMods - Could not resolve path for [admin/language/hungarian/setting/setting.php] (SKIPPED)

----------------------------------------------------------------------


